Connecting to database specified by database.yml
  [1m[36m (0.4ms)[0m  [1mselect sqlite_version(*)[0m
  [1m[35m (0.9ms)[0m  CREATE TABLE "schema_migrations" ("version" varchar(255) NOT NULL) 
  [1m[36m (0.9ms)[0m  [1mCREATE UNIQUE INDEX "unique_schema_migrations" ON "schema_migrations" ("version")[0m
  [1m[35m (3.6ms)[0m  SELECT "schema_migrations"."version" FROM "schema_migrations" 
Migrating to CreateUsers (20130502161028)
  [1m[36m (0.0ms)[0m  [1mbegin transaction[0m
  [1m[35m (0.3ms)[0m  CREATE TABLE "users" ("id" INTEGER PRIMARY KEY AUTOINCREMENT NOT NULL, "name" varchar(255), "email" varchar(255), "created_at" datetime NOT NULL, "updated_at" datetime NOT NULL) 
  [1m[36m (0.1ms)[0m  [1mINSERT INTO "schema_migrations" ("version") VALUES ('20130502161028')[0m
  [1m[35m (0.8ms)[0m  commit transaction
Migrating to AddIndexToUsersEmail (20130502185131)
  [1m[36m (0.0ms)[0m  [1mbegin transaction[0m
  [1m[35m (0.2ms)[0m  CREATE UNIQUE INDEX "index_users_on_email" ON "users" ("email")
  [1m[36m (0.1ms)[0m  [1mINSERT INTO "schema_migrations" ("version") VALUES ('20130502185131')[0m
  [1m[35m (0.8ms)[0m  commit transaction
Migrating to AddPasswordDigestToUsers (20130502191943)
  [1m[36m (0.0ms)[0m  [1mbegin transaction[0m
  [1m[35m (0.2ms)[0m  ALTER TABLE "users" ADD "password_digest" varchar(255)
  [1m[36m (0.1ms)[0m  [1mINSERT INTO "schema_migrations" ("version") VALUES ('20130502191943')[0m
  [1m[35m (0.7ms)[0m  commit transaction
Migrating to AddRememberTokenToUsers (20130505224627)
  [1m[36m (0.0ms)[0m  [1mbegin transaction[0m
  [1m[35m (0.3ms)[0m  ALTER TABLE "users" ADD "remember_token" varchar(255)
  [1m[36m (0.1ms)[0m  [1mCREATE INDEX "index_users_on_remember_token" ON "users" ("remember_token")[0m
  [1m[35m (0.1ms)[0m  INSERT INTO "schema_migrations" ("version") VALUES ('20130505224627')
  [1m[36m (0.8ms)[0m  [1mcommit transaction[0m
Migrating to AddAdminToUsers (20130506232958)
  [1m[35m (0.0ms)[0m  begin transaction
  [1m[36m (0.3ms)[0m  [1mALTER TABLE "users" ADD "admin" boolean DEFAULT 'f'[0m
  [1m[35m (0.1ms)[0m  INSERT INTO "schema_migrations" ("version") VALUES ('20130506232958')
  [1m[36m (0.7ms)[0m  [1mcommit transaction[0m
Migrating to CreateMicroposts (20130507160847)
  [1m[35m (0.0ms)[0m  begin transaction
  [1m[36m (0.2ms)[0m  [1mCREATE TABLE "microposts" ("id" INTEGER PRIMARY KEY AUTOINCREMENT NOT NULL, "content" varchar(255), "user_id" integer, "created_at" datetime NOT NULL, "updated_at" datetime NOT NULL) [0m
  [1m[35m (0.1ms)[0m  CREATE INDEX "index_microposts_on_user_id_and_created_at" ON "microposts" ("user_id", "created_at")
  [1m[36m (0.1ms)[0m  [1mINSERT INTO "schema_migrations" ("version") VALUES ('20130507160847')[0m
  [1m[35m (0.8ms)[0m  commit transaction
Migrating to CreateRelationships (20130508214651)
  [1m[36m (0.0ms)[0m  [1mbegin transaction[0m
  [1m[35m (0.2ms)[0m  CREATE TABLE "relationships" ("id" INTEGER PRIMARY KEY AUTOINCREMENT NOT NULL, "follower_id" integer, "followed_id" integer, "created_at" datetime NOT NULL, "updated_at" datetime NOT NULL) 
  [1m[36m (0.1ms)[0m  [1mCREATE INDEX "index_relationships_on_follower_id" ON "relationships" ("follower_id")[0m
  [1m[35m (0.1ms)[0m  CREATE INDEX "index_relationships_on_followed_id" ON "relationships" ("followed_id")
  [1m[36m (0.5ms)[0m  [1mCREATE UNIQUE INDEX "index_relationships_on_follower_id_and_followed_id" ON "relationships" ("follower_id", "followed_id")[0m
  [1m[35m (0.1ms)[0m  INSERT INTO "schema_migrations" ("version") VALUES ('20130508214651')
  [1m[36m (0.9ms)[0m  [1mcommit transaction[0m
  [1m[35m (0.1ms)[0m  SELECT "schema_migrations"."version" FROM "schema_migrations" 
Connecting to database specified by database.yml
Connecting to database specified by database.yml


Started GET "/" for 127.0.0.1 at 2015-02-15 10:51:59 -0500
Processing by StaticPagesController#home as HTML
  [1m[36mUser Load (0.4ms)[0m  [1mSELECT "users".* FROM "users" WHERE "users"."remember_token" IS NULL LIMIT 1[0m
  [1m[35mCACHE (0.0ms)[0m  SELECT "users".* FROM "users" WHERE "users"."remember_token" IS NULL LIMIT 1
  Rendered static_pages/home.html.erb within layouts/application (3.6ms)
Warning. Error encountered while saving cache /Users/nzarrari/project_X/demo_app/tmp/cache/sass/09482bcba2ac4ba499b8a8da22abf023006d46be/custom.css.scssc: can't dump anonymous class #<Class:0x007f94e5333610>
Warning. Error encountered while saving cache /Users/nzarrari/project_X/demo_app/tmp/cache/sass/a025d6f57c6f947657db8a8e8ce37e039ea213fb/_bootstrap.scssc: can't dump anonymous class #<Class:0x007f94e5333610>
Warning. Error encountered while saving cache /Users/nzarrari/project_X/demo_app/tmp/cache/sass/af32d6df3e5a44b722acb574692016d7172f19b0/_variables.scssc: can't dump anonymous class #<Class:0x007f94e5333610>
Warning. Error encountered while saving cache /Users/nzarrari/project_X/demo_app/tmp/cache/sass/af32d6df3e5a44b722acb574692016d7172f19b0/_mixins.scssc: can't dump anonymous class #<Class:0x007f94e5333610>
Warning. Error encountered while saving cache /Users/nzarrari/project_X/demo_app/tmp/cache/sass/af32d6df3e5a44b722acb574692016d7172f19b0/_reset.scssc: can't dump anonymous class #<Class:0x007f94e5333610>
Warning. Error encountered while saving cache /Users/nzarrari/project_X/demo_app/tmp/cache/sass/af32d6df3e5a44b722acb574692016d7172f19b0/_scaffolding.scssc: can't dump anonymous class #<Class:0x007f94e5333610>
Warning. Error encountered while saving cache /Users/nzarrari/project_X/demo_app/tmp/cache/sass/af32d6df3e5a44b722acb574692016d7172f19b0/_grid.scssc: can't dump anonymous class #<Class:0x007f94e5333610>
Warning. Error encountered while saving cache /Users/nzarrari/project_X/demo_app/tmp/cache/sass/af32d6df3e5a44b722acb574692016d7172f19b0/_layouts.scssc: can't dump anonymous class #<Class:0x007f94e5333610>
Warning. Error encountered while saving cache /Users/nzarrari/project_X/demo_app/tmp/cache/sass/af32d6df3e5a44b722acb574692016d7172f19b0/_type.scssc: can't dump anonymous class #<Class:0x007f94e5333610>
Warning. Error encountered while saving cache /Users/nzarrari/project_X/demo_app/tmp/cache/sass/af32d6df3e5a44b722acb574692016d7172f19b0/_code.scssc: can't dump anonymous class #<Class:0x007f94e5333610>
Warning. Error encountered while saving cache /Users/nzarrari/project_X/demo_app/tmp/cache/sass/af32d6df3e5a44b722acb574692016d7172f19b0/_forms.scssc: can't dump anonymous class #<Class:0x007f94e5333610>
Warning. Error encountered while saving cache /Users/nzarrari/project_X/demo_app/tmp/cache/sass/af32d6df3e5a44b722acb574692016d7172f19b0/_tables.scssc: can't dump anonymous class #<Class:0x007f94e5333610>
Warning. Error encountered while saving cache /Users/nzarrari/project_X/demo_app/tmp/cache/sass/af32d6df3e5a44b722acb574692016d7172f19b0/_sprites.scssc: can't dump anonymous class #<Class:0x007f94e5333610>
Warning. Error encountered while saving cache /Users/nzarrari/project_X/demo_app/tmp/cache/sass/af32d6df3e5a44b722acb574692016d7172f19b0/_dropdowns.scssc: can't dump anonymous class #<Class:0x007f94e5333610>
Warning. Error encountered while saving cache /Users/nzarrari/project_X/demo_app/tmp/cache/sass/af32d6df3e5a44b722acb574692016d7172f19b0/_wells.scssc: can't dump anonymous class #<Class:0x007f94e5333610>
Warning. Error encountered while saving cache /Users/nzarrari/project_X/demo_app/tmp/cache/sass/af32d6df3e5a44b722acb574692016d7172f19b0/_component-animations.scssc: can't dump anonymous class #<Class:0x007f94e5333610>
Warning. Error encountered while saving cache /Users/nzarrari/project_X/demo_app/tmp/cache/sass/af32d6df3e5a44b722acb574692016d7172f19b0/_close.scssc: can't dump anonymous class #<Class:0x007f94e5333610>
Warning. Error encountered while saving cache /Users/nzarrari/project_X/demo_app/tmp/cache/sass/af32d6df3e5a44b722acb574692016d7172f19b0/_buttons.scssc: can't dump anonymous class #<Class:0x007f94e5333610>
Warning. Error encountered while saving cache /Users/nzarrari/project_X/demo_app/tmp/cache/sass/af32d6df3e5a44b722acb574692016d7172f19b0/_button-groups.scssc: can't dump anonymous class #<Class:0x007f94e5333610>
Warning. Error encountered while saving cache /Users/nzarrari/project_X/demo_app/tmp/cache/sass/af32d6df3e5a44b722acb574692016d7172f19b0/_alerts.scssc: can't dump anonymous class #<Class:0x007f94e5333610>
Warning. Error encountered while saving cache /Users/nzarrari/project_X/demo_app/tmp/cache/sass/af32d6df3e5a44b722acb574692016d7172f19b0/_navs.scssc: can't dump anonymous class #<Class:0x007f94e5333610>
Warning. Error encountered while saving cache /Users/nzarrari/project_X/demo_app/tmp/cache/sass/af32d6df3e5a44b722acb574692016d7172f19b0/_navbar.scssc: can't dump anonymous class #<Class:0x007f94e5333610>
Warning. Error encountered while saving cache /Users/nzarrari/project_X/demo_app/tmp/cache/sass/af32d6df3e5a44b722acb574692016d7172f19b0/_breadcrumbs.scssc: can't dump anonymous class #<Class:0x007f94e5333610>
Warning. Error encountered while saving cache /Users/nzarrari/project_X/demo_app/tmp/cache/sass/af32d6df3e5a44b722acb574692016d7172f19b0/_pagination.scssc: can't dump anonymous class #<Class:0x007f94e5333610>
Warning. Error encountered while saving cache /Users/nzarrari/project_X/demo_app/tmp/cache/sass/af32d6df3e5a44b722acb574692016d7172f19b0/_pager.scssc: can't dump anonymous class #<Class:0x007f94e5333610>
Warning. Error encountered while saving cache /Users/nzarrari/project_X/demo_app/tmp/cache/sass/af32d6df3e5a44b722acb574692016d7172f19b0/_modals.scssc: can't dump anonymous class #<Class:0x007f94e5333610>
Warning. Error encountered while saving cache /Users/nzarrari/project_X/demo_app/tmp/cache/sass/af32d6df3e5a44b722acb574692016d7172f19b0/_tooltip.scssc: can't dump anonymous class #<Class:0x007f94e5333610>
Warning. Error encountered while saving cache /Users/nzarrari/project_X/demo_app/tmp/cache/sass/af32d6df3e5a44b722acb574692016d7172f19b0/_popovers.scssc: can't dump anonymous class #<Class:0x007f94e5333610>
Warning. Error encountered while saving cache /Users/nzarrari/project_X/demo_app/tmp/cache/sass/af32d6df3e5a44b722acb574692016d7172f19b0/_thumbnails.scssc: can't dump anonymous class #<Class:0x007f94e5333610>
Warning. Error encountered while saving cache /Users/nzarrari/project_X/demo_app/tmp/cache/sass/af32d6df3e5a44b722acb574692016d7172f19b0/_labels-badges.scssc: can't dump anonymous class #<Class:0x007f94e5333610>
Warning. Error encountered while saving cache /Users/nzarrari/project_X/demo_app/tmp/cache/sass/af32d6df3e5a44b722acb574692016d7172f19b0/_progress-bars.scssc: can't dump anonymous class #<Class:0x007f94e5333610>
Warning. Error encountered while saving cache /Users/nzarrari/project_X/demo_app/tmp/cache/sass/af32d6df3e5a44b722acb574692016d7172f19b0/_accordion.scssc: can't dump anonymous class #<Class:0x007f94e5333610>
Warning. Error encountered while saving cache /Users/nzarrari/project_X/demo_app/tmp/cache/sass/af32d6df3e5a44b722acb574692016d7172f19b0/_carousel.scssc: can't dump anonymous class #<Class:0x007f94e5333610>
Warning. Error encountered while saving cache /Users/nzarrari/project_X/demo_app/tmp/cache/sass/af32d6df3e5a44b722acb574692016d7172f19b0/_hero-unit.scssc: can't dump anonymous class #<Class:0x007f94e5333610>
Warning. Error encountered while saving cache /Users/nzarrari/project_X/demo_app/tmp/cache/sass/af32d6df3e5a44b722acb574692016d7172f19b0/_utilities.scssc: can't dump anonymous class #<Class:0x007f94e5333610>
Compiled custom.css  (1044ms)  (pid 86407)
Warning. Error encountered while saving cache /Users/nzarrari/project_X/demo_app/tmp/cache/sass/09482bcba2ac4ba499b8a8da22abf023006d46be/microposts.css.scssc: can't dump anonymous class #<Class:0x007f94e5333610>
Compiled microposts.css  (1ms)  (pid 86407)
Warning. Error encountered while saving cache /Users/nzarrari/project_X/demo_app/tmp/cache/sass/09482bcba2ac4ba499b8a8da22abf023006d46be/scaffolds.css.scssc: can't dump anonymous class #<Class:0x007f94e5333610>
Compiled scaffolds.css  (5ms)  (pid 86407)
Warning. Error encountered while saving cache /Users/nzarrari/project_X/demo_app/tmp/cache/sass/09482bcba2ac4ba499b8a8da22abf023006d46be/sessions.css.scssc: can't dump anonymous class #<Class:0x007f94e5333610>
Compiled sessions.css  (1ms)  (pid 86407)
Warning. Error encountered while saving cache /Users/nzarrari/project_X/demo_app/tmp/cache/sass/09482bcba2ac4ba499b8a8da22abf023006d46be/static_pages.css.scssc: can't dump anonymous class #<Class:0x007f94e5333610>
Compiled static_pages.css  (1ms)  (pid 86407)
Warning. Error encountered while saving cache /Users/nzarrari/project_X/demo_app/tmp/cache/sass/09482bcba2ac4ba499b8a8da22abf023006d46be/users.css.scssc: can't dump anonymous class #<Class:0x007f94e5333610>
Compiled users.css  (1ms)  (pid 86407)
Compiled application.css  (1104ms)  (pid 86407)
Compiled jquery.js  (1ms)  (pid 86407)
Compiled jquery_ujs.js  (0ms)  (pid 86407)
Compiled microposts.js  (62ms)  (pid 86407)
Compiled sessions.js  (36ms)  (pid 86407)
Compiled static_pages.js  (31ms)  (pid 86407)
Compiled users.js  (55ms)  (pid 86407)
Compiled application.js  (238ms)  (pid 86407)
  Rendered layouts/_shim.html.erb (0.5ms)
  [1m[36mCACHE (0.0ms)[0m  [1mSELECT "users".* FROM "users" WHERE "users"."remember_token" IS NULL LIMIT 1[0m
  Rendered layouts/_header.html.erb (2.7ms)
  Rendered layouts/_footer.html.erb (0.8ms)
Completed 200 OK in 1492ms (Views: 1435.1ms | ActiveRecord: 2.9ms)


Started GET "/assets/scaffolds.css?body=1" for 127.0.0.1 at 2015-02-15 10:52:00 -0500
Served asset /scaffolds.css - 200 OK (2ms)


Started GET "/assets/sessions.css?body=1" for 127.0.0.1 at 2015-02-15 10:52:00 -0500
Served asset /sessions.css - 200 OK (1ms)


Started GET "/assets/microposts.css?body=1" for 127.0.0.1 at 2015-02-15 10:52:00 -0500
Served asset /microposts.css - 200 OK (1ms)


Started GET "/assets/static_pages.css?body=1" for 127.0.0.1 at 2015-02-15 10:52:00 -0500
Served asset /static_pages.css - 200 OK (0ms)


Started GET "/assets/custom.css?body=1" for 127.0.0.1 at 2015-02-15 10:52:00 -0500
Served asset /custom.css - 200 OK (4ms)


Started GET "/assets/application.css?body=1" for 127.0.0.1 at 2015-02-15 10:52:00 -0500
Served asset /application.css - 200 OK (10ms)


Started GET "/assets/users.css?body=1" for 127.0.0.1 at 2015-02-15 10:52:00 -0500
Served asset /users.css - 200 OK (17ms)


Started GET "/assets/jquery.js?body=1" for 127.0.0.1 at 2015-02-15 10:52:00 -0500
Served asset /jquery.js - 200 OK (2ms)


Started GET "/assets/jquery_ujs.js?body=1" for 127.0.0.1 at 2015-02-15 10:52:00 -0500
Served asset /jquery_ujs.js - 200 OK (2ms)


Started GET "/assets/microposts.js?body=1" for 127.0.0.1 at 2015-02-15 10:52:00 -0500
Served asset /microposts.js - 200 OK (2ms)


Started GET "/assets/sessions.js?body=1" for 127.0.0.1 at 2015-02-15 10:52:00 -0500
Served asset /sessions.js - 200 OK (1ms)


Started GET "/assets/static_pages.js?body=1" for 127.0.0.1 at 2015-02-15 10:52:00 -0500
Served asset /static_pages.js - 200 OK (0ms)


Started GET "/assets/users.js?body=1" for 127.0.0.1 at 2015-02-15 10:52:00 -0500
Served asset /users.js - 200 OK (0ms)


Started GET "/assets/application.js?body=1" for 127.0.0.1 at 2015-02-15 10:52:00 -0500
Served asset /application.js - 200 OK (4ms)


Started GET "/assets/rails.png" for 127.0.0.1 at 2015-02-15 10:52:00 -0500
Served asset /rails.png - 200 OK (3ms)


Started GET "/" for 127.0.0.1 at 2015-02-15 10:52:08 -0500
Processing by StaticPagesController#home as HTML
  [1m[35mUser Load (0.2ms)[0m  SELECT "users".* FROM "users" WHERE "users"."remember_token" IS NULL LIMIT 1
  [1m[36mCACHE (0.0ms)[0m  [1mSELECT "users".* FROM "users" WHERE "users"."remember_token" IS NULL LIMIT 1[0m
  Rendered static_pages/home.html.erb within layouts/application (0.9ms)
  Rendered layouts/_shim.html.erb (0.0ms)
  [1m[35mCACHE (0.0ms)[0m  SELECT "users".* FROM "users" WHERE "users"."remember_token" IS NULL LIMIT 1
  Rendered layouts/_header.html.erb (0.8ms)
  Rendered layouts/_footer.html.erb (0.2ms)
Completed 200 OK in 31ms (Views: 29.7ms | ActiveRecord: 0.2ms)


Started GET "/help" for 127.0.0.1 at 2015-02-15 10:52:10 -0500
Processing by StaticPagesController#help as HTML
  Rendered static_pages/help.html.erb within layouts/application (0.3ms)
  Rendered layouts/_shim.html.erb (0.0ms)
  [1m[36mUser Load (0.1ms)[0m  [1mSELECT "users".* FROM "users" WHERE "users"."remember_token" IS NULL LIMIT 1[0m
  Rendered layouts/_header.html.erb (1.3ms)
  Rendered layouts/_footer.html.erb (0.2ms)
Completed 200 OK in 29ms (Views: 28.1ms | ActiveRecord: 0.1ms)


Started GET "/signin" for 127.0.0.1 at 2015-02-15 10:52:12 -0500
Processing by SessionsController#new as HTML
  Rendered sessions/new.html.erb within layouts/application (67.9ms)
  Rendered layouts/_shim.html.erb (0.0ms)
  [1m[35mUser Load (0.1ms)[0m  SELECT "users".* FROM "users" WHERE "users"."remember_token" IS NULL LIMIT 1
  Rendered layouts/_header.html.erb (1.1ms)
  Rendered layouts/_footer.html.erb (0.2ms)
Completed 200 OK in 115ms (Views: 114.5ms | ActiveRecord: 0.1ms)


Started GET "/signup" for 127.0.0.1 at 2015-02-15 10:52:18 -0500
Processing by UsersController#new as HTML
  Rendered shared/_error_messages.html.erb (0.5ms)
  Rendered users/new.html.erb within layouts/application (4.7ms)
  Rendered layouts/_shim.html.erb (0.1ms)
  [1m[36mUser Load (0.1ms)[0m  [1mSELECT "users".* FROM "users" WHERE "users"."remember_token" IS NULL LIMIT 1[0m
  Rendered layouts/_header.html.erb (1.2ms)
  Rendered layouts/_footer.html.erb (0.2ms)
Completed 200 OK in 62ms (Views: 54.9ms | ActiveRecord: 0.1ms)


Started GET "/about" for 127.0.0.1 at 2015-02-15 10:52:36 -0500
Processing by StaticPagesController#about as HTML
  Rendered static_pages/about.html.erb within layouts/application (0.3ms)
  Rendered layouts/_shim.html.erb (0.0ms)
  [1m[35mUser Load (0.1ms)[0m  SELECT "users".* FROM "users" WHERE "users"."remember_token" IS NULL LIMIT 1
  Rendered layouts/_header.html.erb (1.4ms)
  Rendered layouts/_footer.html.erb (0.2ms)
Completed 200 OK in 30ms (Views: 30.1ms | ActiveRecord: 0.1ms)


Started GET "/assets/jquery.js?body=1" for 127.0.0.1 at 2015-02-15 10:52:36 -0500
Served asset /jquery.js - 304 Not Modified (0ms)


Started GET "/assets/jquery_ujs.js?body=1" for 127.0.0.1 at 2015-02-15 10:52:36 -0500
Served asset /jquery_ujs.js - 304 Not Modified (0ms)


Started GET "/contact" for 127.0.0.1 at 2015-02-15 10:52:40 -0500
Processing by StaticPagesController#contact as HTML
  Rendered static_pages/contact.html.erb within layouts/application (0.3ms)
  Rendered layouts/_shim.html.erb (0.0ms)
  [1m[36mUser Load (0.1ms)[0m  [1mSELECT "users".* FROM "users" WHERE "users"."remember_token" IS NULL LIMIT 1[0m
  Rendered layouts/_header.html.erb (1.3ms)
  Rendered layouts/_footer.html.erb (0.2ms)
Completed 200 OK in 30ms (Views: 29.7ms | ActiveRecord: 0.1ms)


Started GET "/assets/jquery.js?body=1" for 127.0.0.1 at 2015-02-15 10:52:40 -0500
Served asset /jquery.js - 304 Not Modified (0ms)


Started GET "/assets/jquery_ujs.js?body=1" for 127.0.0.1 at 2015-02-15 10:52:40 -0500
Served asset /jquery_ujs.js - 304 Not Modified (0ms)


Started POST "/users" for 127.0.0.1 at 2015-02-15 10:53:15 -0500
Processing by UsersController#create as HTML
  Parameters: {"utf8"=>"✓", "authenticity_token"=>"J89EP6MmG35BzgFi4kLqHw5pUTlf+fjZukaZDSiDULM=", "user"=>{"name"=>"Najib Zarrari", "email"=>"nzarrari@yahoo.com", "password"=>"[FILTERED]", "password_confirmation"=>"[FILTERED]"}, "commit"=>"Create my account"}
  [1m[35m (0.1ms)[0m  begin transaction
  [1m[36mUser Exists (0.1ms)[0m  [1mSELECT 1 AS one FROM "users" WHERE LOWER("users"."email") = LOWER('nzarrari@yahoo.com') LIMIT 1[0m
Binary data inserted for `string` type on column `password_digest`
  [1m[35mSQL (1.8ms)[0m  INSERT INTO "users" ("admin", "created_at", "email", "name", "password_digest", "remember_token", "updated_at") VALUES (?, ?, ?, ?, ?, ?, ?)  [["admin", false], ["created_at", Sun, 15 Feb 2015 15:53:15 UTC +00:00], ["email", "nzarrari@yahoo.com"], ["name", "Najib Zarrari"], ["password_digest", "$2a$10$0EQUZbPFtydC1d5R3zhzbOMciTrsglQr/1VKFbukX8VGy.dt9Ne3a"], ["remember_token", "QpBGHxuoiXNvQwshGbla_w"], ["updated_at", Sun, 15 Feb 2015 15:53:15 UTC +00:00]]
  [1m[36m (1.0ms)[0m  [1mcommit transaction[0m
Redirected to http://localhost:3000/users/1
Completed 302 Found in 117ms (ActiveRecord: 3.0ms)


Started GET "/users/1" for 127.0.0.1 at 2015-02-15 10:53:15 -0500
Processing by UsersController#show as HTML
  Parameters: {"id"=>"1"}
  [1m[35mUser Load (0.2ms)[0m  SELECT "users".* FROM "users" WHERE "users"."id" = ? LIMIT 1  [["id", "1"]]
  [1m[36m (0.3ms)[0m  [1mSELECT COUNT(*) FROM "users" INNER JOIN "relationships" ON "users"."id" = "relationships"."followed_id" WHERE "relationships"."follower_id" = 1[0m
  [1m[35m (0.4ms)[0m  SELECT COUNT(*) FROM "users" INNER JOIN "relationships" ON "users"."id" = "relationships"."follower_id" WHERE "relationships"."followed_id" = 1
  Rendered shared/_stats.html.erb (29.4ms)
  [1m[36mUser Load (0.1ms)[0m  [1mSELECT "users".* FROM "users" WHERE "users"."remember_token" = 'QpBGHxuoiXNvQwshGbla_w' LIMIT 1[0m
  Rendered users/_follow_form.html.erb (0.4ms)
  [1m[35m (0.3ms)[0m  SELECT COUNT(*) FROM "microposts" WHERE "microposts"."user_id" = 1
  Rendered users/show.html.erb within layouts/application (33.9ms)
  Rendered layouts/_shim.html.erb (0.0ms)
  Rendered layouts/_header.html.erb (0.9ms)
  Rendered layouts/_footer.html.erb (0.2ms)
Completed 200 OK in 74ms (Views: 56.3ms | ActiveRecord: 1.6ms)


Started GET "/assets/jquery.js?body=1" for 127.0.0.1 at 2015-02-15 10:53:15 -0500
Served asset /jquery.js - 304 Not Modified (0ms)


Started GET "/assets/jquery_ujs.js?body=1" for 127.0.0.1 at 2015-02-15 10:53:15 -0500
Served asset /jquery_ujs.js - 304 Not Modified (0ms)


Started GET "/users" for 127.0.0.1 at 2015-02-15 10:53:26 -0500
Processing by UsersController#index as HTML
  [1m[36mUser Load (0.1ms)[0m  [1mSELECT "users".* FROM "users" WHERE "users"."remember_token" = 'QpBGHxuoiXNvQwshGbla_w' LIMIT 1[0m
  [1m[35m (0.1ms)[0m  SELECT COUNT(*) FROM "users" 
  [1m[36mUser Load (0.1ms)[0m  [1mSELECT "users".* FROM "users" LIMIT 30 OFFSET 0[0m
  Rendered users/_user.html.erb (1.4ms)
  Rendered users/index.html.erb within layouts/application (5.4ms)
  Rendered layouts/_shim.html.erb (0.0ms)
  Rendered layouts/_header.html.erb (0.8ms)
  Rendered layouts/_footer.html.erb (0.2ms)
Completed 200 OK in 33ms (Views: 31.5ms | ActiveRecord: 0.4ms)


Started GET "/assets/jquery.js?body=1" for 127.0.0.1 at 2015-02-15 10:53:26 -0500
Served asset /jquery.js - 304 Not Modified (0ms)


Started GET "/assets/jquery_ujs.js?body=1" for 127.0.0.1 at 2015-02-15 10:53:26 -0500
Served asset /jquery_ujs.js - 304 Not Modified (0ms)


Started GET "/" for 127.0.0.1 at 2015-02-15 10:53:28 -0500
Processing by StaticPagesController#home as HTML
  [1m[35mUser Load (0.2ms)[0m  SELECT "users".* FROM "users" WHERE "users"."remember_token" = 'QpBGHxuoiXNvQwshGbla_w' LIMIT 1
  [1m[36m (0.1ms)[0m  [1mSELECT COUNT(*) FROM "microposts" WHERE "microposts"."user_id" = 1[0m
  Rendered shared/_user_info.html.erb (2.9ms)
  [1m[35m (0.1ms)[0m  SELECT COUNT(*) FROM "users" INNER JOIN "relationships" ON "users"."id" = "relationships"."followed_id" WHERE "relationships"."follower_id" = 1
  [1m[36m (0.1ms)[0m  [1mSELECT COUNT(*) FROM "users" INNER JOIN "relationships" ON "users"."id" = "relationships"."follower_id" WHERE "relationships"."followed_id" = 1[0m
  Rendered shared/_stats.html.erb (2.1ms)
  Rendered shared/_error_messages.html.erb (0.0ms)
  Rendered shared/_micropost_form.html.erb (2.3ms)
  [1m[35m (0.2ms)[0m  SELECT COUNT(*) FROM "microposts" WHERE (user_id IN (SELECT followed_id FROM relationships
 WHERE follower_id = 1) OR user_id = 1)
  Rendered shared/_feed.html.erb (2.0ms)
  Rendered static_pages/home.html.erb within layouts/application (11.9ms)
  Rendered layouts/_shim.html.erb (0.0ms)
  Rendered layouts/_header.html.erb (0.9ms)
  Rendered layouts/_footer.html.erb (0.2ms)
Completed 200 OK in 55ms (Views: 49.6ms | ActiveRecord: 0.7ms)


Started GET "/assets/jquery.js?body=1" for 127.0.0.1 at 2015-02-15 10:53:28 -0500
Served asset /jquery.js - 304 Not Modified (0ms)


Started GET "/assets/jquery_ujs.js?body=1" for 127.0.0.1 at 2015-02-15 10:53:28 -0500
Served asset /jquery_ujs.js - 304 Not Modified (0ms)


Started GET "/help" for 127.0.0.1 at 2015-02-15 10:53:29 -0500
Processing by StaticPagesController#help as HTML
  Rendered static_pages/help.html.erb within layouts/application (0.1ms)
  Rendered layouts/_shim.html.erb (0.0ms)
  [1m[36mUser Load (0.1ms)[0m  [1mSELECT "users".* FROM "users" WHERE "users"."remember_token" = 'QpBGHxuoiXNvQwshGbla_w' LIMIT 1[0m
  Rendered layouts/_header.html.erb (1.8ms)
  Rendered layouts/_footer.html.erb (0.2ms)
Completed 200 OK in 31ms (Views: 30.3ms | ActiveRecord: 0.1ms)


Started GET "/assets/jquery.js?body=1" for 127.0.0.1 at 2015-02-15 10:53:29 -0500
Served asset /jquery.js - 304 Not Modified (0ms)


Started GET "/assets/jquery_ujs.js?body=1" for 127.0.0.1 at 2015-02-15 10:53:29 -0500
Served asset /jquery_ujs.js - 304 Not Modified (0ms)


Started GET "/users" for 127.0.0.1 at 2015-02-15 10:53:30 -0500
Processing by UsersController#index as HTML
  [1m[35mUser Load (0.1ms)[0m  SELECT "users".* FROM "users" WHERE "users"."remember_token" = 'QpBGHxuoiXNvQwshGbla_w' LIMIT 1
  [1m[36m (0.1ms)[0m  [1mSELECT COUNT(*) FROM "users" [0m
  [1m[35mUser Load (0.1ms)[0m  SELECT "users".* FROM "users" LIMIT 30 OFFSET 0
  Rendered users/_user.html.erb (0.5ms)
  Rendered users/index.html.erb within layouts/application (2.0ms)
  Rendered layouts/_shim.html.erb (0.0ms)
  Rendered layouts/_header.html.erb (0.8ms)
  Rendered layouts/_footer.html.erb (0.2ms)
Completed 200 OK in 28ms (Views: 27.4ms | ActiveRecord: 0.3ms)


Started GET "/assets/jquery_ujs.js?body=1" for 127.0.0.1 at 2015-02-15 10:53:30 -0500
Served asset /jquery_ujs.js - 304 Not Modified (0ms)


Started GET "/assets/jquery.js?body=1" for 127.0.0.1 at 2015-02-15 10:53:30 -0500
Served asset /jquery.js - 304 Not Modified (0ms)


Started DELETE "/signout" for 127.0.0.1 at 2015-02-15 10:53:36 -0500
Processing by SessionsController#destroy as HTML
  Parameters: {"authenticity_token"=>"J89EP6MmG35BzgFi4kLqHw5pUTlf+fjZukaZDSiDULM="}
Redirected to http://localhost:3000/
Completed 302 Found in 1ms (ActiveRecord: 0.0ms)


Started GET "/" for 127.0.0.1 at 2015-02-15 10:53:36 -0500
Processing by StaticPagesController#home as HTML
  [1m[36mUser Load (0.1ms)[0m  [1mSELECT "users".* FROM "users" WHERE "users"."remember_token" IS NULL LIMIT 1[0m
  [1m[35mCACHE (0.0ms)[0m  SELECT "users".* FROM "users" WHERE "users"."remember_token" IS NULL LIMIT 1
  Rendered static_pages/home.html.erb within layouts/application (0.8ms)
  Rendered layouts/_shim.html.erb (0.0ms)
  [1m[36mCACHE (0.0ms)[0m  [1mSELECT "users".* FROM "users" WHERE "users"."remember_token" IS NULL LIMIT 1[0m
  Rendered layouts/_header.html.erb (0.8ms)
  Rendered layouts/_footer.html.erb (0.3ms)
Completed 200 OK in 26ms (Views: 25.4ms | ActiveRecord: 0.1ms)


Started GET "/assets/jquery.js?body=1" for 127.0.0.1 at 2015-02-15 10:53:36 -0500
Served asset /jquery.js - 304 Not Modified (0ms)


Started GET "/assets/jquery_ujs.js?body=1" for 127.0.0.1 at 2015-02-15 10:53:36 -0500
Served asset /jquery_ujs.js - 304 Not Modified (0ms)


Started GET "/signin" for 127.0.0.1 at 2015-02-15 10:53:39 -0500
Processing by SessionsController#new as HTML
  Rendered sessions/new.html.erb within layouts/application (0.9ms)
  Rendered layouts/_shim.html.erb (0.0ms)
  [1m[35mUser Load (0.1ms)[0m  SELECT "users".* FROM "users" WHERE "users"."remember_token" IS NULL LIMIT 1
  Rendered layouts/_header.html.erb (0.9ms)
  Rendered layouts/_footer.html.erb (0.2ms)
Completed 200 OK in 41ms (Views: 40.5ms | ActiveRecord: 0.1ms)


Started GET "/assets/jquery.js?body=1" for 127.0.0.1 at 2015-02-15 10:53:39 -0500
Served asset /jquery.js - 304 Not Modified (0ms)


Started GET "/assets/jquery_ujs.js?body=1" for 127.0.0.1 at 2015-02-15 10:53:39 -0500
Served asset /jquery_ujs.js - 304 Not Modified (0ms)


Started GET "/signup" for 127.0.0.1 at 2015-02-15 10:53:41 -0500
Processing by UsersController#new as HTML
  Rendered shared/_error_messages.html.erb (0.0ms)
  Rendered users/new.html.erb within layouts/application (2.6ms)
  Rendered layouts/_shim.html.erb (0.0ms)
  [1m[36mUser Load (0.1ms)[0m  [1mSELECT "users".* FROM "users" WHERE "users"."remember_token" IS NULL LIMIT 1[0m
  Rendered layouts/_header.html.erb (1.2ms)
  Rendered layouts/_footer.html.erb (0.2ms)
Completed 200 OK in 33ms (Views: 32.3ms | ActiveRecord: 0.1ms)


Started GET "/assets/jquery.js?body=1" for 127.0.0.1 at 2015-02-15 10:53:41 -0500
Served asset /jquery.js - 304 Not Modified (0ms)


Started GET "/assets/jquery_ujs.js?body=1" for 127.0.0.1 at 2015-02-15 10:53:41 -0500
Served asset /jquery_ujs.js - 304 Not Modified (0ms)


Started POST "/users" for 127.0.0.1 at 2015-02-15 10:54:15 -0500
Processing by UsersController#create as HTML
  Parameters: {"utf8"=>"✓", "authenticity_token"=>"J89EP6MmG35BzgFi4kLqHw5pUTlf+fjZukaZDSiDULM=", "user"=>{"name"=>"user2 user2", "email"=>"user@yahoo.com", "password"=>"[FILTERED]", "password_confirmation"=>"[FILTERED]"}, "commit"=>"Create my account"}
  [1m[35m (0.0ms)[0m  begin transaction
  [1m[36mUser Exists (0.1ms)[0m  [1mSELECT 1 AS one FROM "users" WHERE LOWER("users"."email") = LOWER('user@yahoo.com') LIMIT 1[0m
Binary data inserted for `string` type on column `password_digest`
  [1m[35mSQL (0.3ms)[0m  INSERT INTO "users" ("admin", "created_at", "email", "name", "password_digest", "remember_token", "updated_at") VALUES (?, ?, ?, ?, ?, ?, ?)  [["admin", false], ["created_at", Sun, 15 Feb 2015 15:54:15 UTC +00:00], ["email", "user@yahoo.com"], ["name", "user2 user2"], ["password_digest", "$2a$10$OAe1We.Vq0bO6ciIqSqU0.o31SF1KkvMd3MxQtlptUTBqv6JkrCFK"], ["remember_token", "yeGMPxw3lYh2coxrY2QSyw"], ["updated_at", Sun, 15 Feb 2015 15:54:15 UTC +00:00]]
  [1m[36m (1.4ms)[0m  [1mcommit transaction[0m
Redirected to http://localhost:3000/users/2
Completed 302 Found in 74ms (ActiveRecord: 1.9ms)


Started GET "/users/2" for 127.0.0.1 at 2015-02-15 10:54:15 -0500
Processing by UsersController#show as HTML
  Parameters: {"id"=>"2"}
  [1m[35mUser Load (0.1ms)[0m  SELECT "users".* FROM "users" WHERE "users"."id" = ? LIMIT 1  [["id", "2"]]
  [1m[36m (0.1ms)[0m  [1mSELECT COUNT(*) FROM "users" INNER JOIN "relationships" ON "users"."id" = "relationships"."followed_id" WHERE "relationships"."follower_id" = 2[0m
  [1m[35m (0.1ms)[0m  SELECT COUNT(*) FROM "users" INNER JOIN "relationships" ON "users"."id" = "relationships"."follower_id" WHERE "relationships"."followed_id" = 2
  Rendered shared/_stats.html.erb (2.1ms)
  [1m[36mUser Load (0.1ms)[0m  [1mSELECT "users".* FROM "users" WHERE "users"."remember_token" = 'yeGMPxw3lYh2coxrY2QSyw' LIMIT 1[0m
  Rendered users/_follow_form.html.erb (0.0ms)
  [1m[35m (0.1ms)[0m  SELECT COUNT(*) FROM "microposts" WHERE "microposts"."user_id" = 2
  Rendered users/show.html.erb within layouts/application (4.1ms)
  Rendered layouts/_shim.html.erb (0.0ms)
  Rendered layouts/_header.html.erb (0.9ms)
  Rendered layouts/_footer.html.erb (0.2ms)
Completed 200 OK in 53ms (Views: 51.0ms | ActiveRecord: 0.4ms)


Started GET "/assets/jquery.js?body=1" for 127.0.0.1 at 2015-02-15 10:54:15 -0500
Served asset /jquery.js - 304 Not Modified (0ms)


Started GET "/assets/jquery_ujs.js?body=1" for 127.0.0.1 at 2015-02-15 10:54:15 -0500
Served asset /jquery_ujs.js - 304 Not Modified (0ms)


Started GET "/users" for 127.0.0.1 at 2015-02-15 10:54:19 -0500
Processing by UsersController#index as HTML
  [1m[36mUser Load (0.1ms)[0m  [1mSELECT "users".* FROM "users" WHERE "users"."remember_token" = 'yeGMPxw3lYh2coxrY2QSyw' LIMIT 1[0m
  [1m[35m (0.1ms)[0m  SELECT COUNT(*) FROM "users" 
  [1m[36mUser Load (0.1ms)[0m  [1mSELECT "users".* FROM "users" LIMIT 30 OFFSET 0[0m
  Rendered users/_user.html.erb (0.8ms)
  Rendered users/index.html.erb within layouts/application (2.4ms)
  Rendered layouts/_shim.html.erb (0.0ms)
  Rendered layouts/_header.html.erb (0.8ms)
  Rendered layouts/_footer.html.erb (0.2ms)
Completed 200 OK in 29ms (Views: 27.7ms | ActiveRecord: 0.3ms)


Started GET "/assets/jquery.js?body=1" for 127.0.0.1 at 2015-02-15 10:54:19 -0500
Served asset /jquery.js - 304 Not Modified (0ms)


Started GET "/assets/jquery_ujs.js?body=1" for 127.0.0.1 at 2015-02-15 10:54:19 -0500
Served asset /jquery_ujs.js - 304 Not Modified (0ms)


Started GET "/users/2" for 127.0.0.1 at 2015-02-15 10:54:22 -0500
Processing by UsersController#show as HTML
  Parameters: {"id"=>"2"}
  [1m[35mUser Load (0.1ms)[0m  SELECT "users".* FROM "users" WHERE "users"."id" = ? LIMIT 1  [["id", "2"]]
  [1m[36m (0.2ms)[0m  [1mSELECT COUNT(*) FROM "users" INNER JOIN "relationships" ON "users"."id" = "relationships"."followed_id" WHERE "relationships"."follower_id" = 2[0m
  [1m[35m (0.1ms)[0m  SELECT COUNT(*) FROM "users" INNER JOIN "relationships" ON "users"."id" = "relationships"."follower_id" WHERE "relationships"."followed_id" = 2
  Rendered shared/_stats.html.erb (2.9ms)
  [1m[36mUser Load (0.1ms)[0m  [1mSELECT "users".* FROM "users" WHERE "users"."remember_token" = 'yeGMPxw3lYh2coxrY2QSyw' LIMIT 1[0m
  Rendered users/_follow_form.html.erb (0.0ms)
  [1m[35m (0.1ms)[0m  SELECT COUNT(*) FROM "microposts" WHERE "microposts"."user_id" = 2
  Rendered users/show.html.erb within layouts/application (5.5ms)
  Rendered layouts/_shim.html.erb (0.0ms)
  Rendered layouts/_header.html.erb (0.8ms)
  Rendered layouts/_footer.html.erb (0.2ms)
Completed 200 OK in 32ms (Views: 30.2ms | ActiveRecord: 0.6ms)


Started GET "/assets/jquery.js?body=1" for 127.0.0.1 at 2015-02-15 10:54:22 -0500
Served asset /jquery.js - 304 Not Modified (0ms)


Started GET "/assets/jquery_ujs.js?body=1" for 127.0.0.1 at 2015-02-15 10:54:22 -0500
Served asset /jquery_ujs.js - 304 Not Modified (0ms)


Started GET "/users" for 127.0.0.1 at 2015-02-15 10:54:27 -0500
Processing by UsersController#index as HTML
  [1m[36mUser Load (0.1ms)[0m  [1mSELECT "users".* FROM "users" WHERE "users"."remember_token" = 'yeGMPxw3lYh2coxrY2QSyw' LIMIT 1[0m
  [1m[35m (0.1ms)[0m  SELECT COUNT(*) FROM "users" 
  [1m[36mUser Load (0.1ms)[0m  [1mSELECT "users".* FROM "users" LIMIT 30 OFFSET 0[0m
  Rendered users/_user.html.erb (0.8ms)
  Rendered users/index.html.erb within layouts/application (2.5ms)
  Rendered layouts/_shim.html.erb (0.0ms)
  Rendered layouts/_header.html.erb (0.9ms)
  Rendered layouts/_footer.html.erb (0.2ms)
Completed 200 OK in 46ms (Views: 45.1ms | ActiveRecord: 0.3ms)


Started GET "/assets/jquery_ujs.js?body=1" for 127.0.0.1 at 2015-02-15 10:54:27 -0500
Served asset /jquery_ujs.js - 304 Not Modified (0ms)


Started GET "/assets/jquery.js?body=1" for 127.0.0.1 at 2015-02-15 10:54:27 -0500
Served asset /jquery.js - 304 Not Modified (0ms)


Started GET "/users/1" for 127.0.0.1 at 2015-02-15 10:54:28 -0500
Processing by UsersController#show as HTML
  Parameters: {"id"=>"1"}
  [1m[35mUser Load (0.1ms)[0m  SELECT "users".* FROM "users" WHERE "users"."id" = ? LIMIT 1  [["id", "1"]]
  [1m[36m (0.1ms)[0m  [1mSELECT COUNT(*) FROM "users" INNER JOIN "relationships" ON "users"."id" = "relationships"."followed_id" WHERE "relationships"."follower_id" = 1[0m
  [1m[35m (0.1ms)[0m  SELECT COUNT(*) FROM "users" INNER JOIN "relationships" ON "users"."id" = "relationships"."follower_id" WHERE "relationships"."followed_id" = 1
  Rendered shared/_stats.html.erb (2.8ms)
  [1m[36mUser Load (0.1ms)[0m  [1mSELECT "users".* FROM "users" WHERE "users"."remember_token" = 'yeGMPxw3lYh2coxrY2QSyw' LIMIT 1[0m
  [1m[35mRelationship Load (0.1ms)[0m  SELECT "relationships".* FROM "relationships" WHERE "relationships"."follower_id" = 2 AND "relationships"."followed_id" = 1 LIMIT 1
  Rendered users/_follow.html.erb (6.6ms)
  Rendered users/_follow_form.html.erb (9.2ms)
  [1m[36m (0.1ms)[0m  [1mSELECT COUNT(*) FROM "microposts" WHERE "microposts"."user_id" = 1[0m
  Rendered users/show.html.erb within layouts/application (14.2ms)
  Rendered layouts/_shim.html.erb (0.0ms)
  Rendered layouts/_header.html.erb (0.9ms)
  Rendered layouts/_footer.html.erb (0.2ms)
Completed 200 OK in 66ms (Views: 63.8ms | ActiveRecord: 0.6ms)


Started GET "/assets/jquery.js?body=1" for 127.0.0.1 at 2015-02-15 10:54:28 -0500
Served asset /jquery.js - 304 Not Modified (0ms)


Started GET "/assets/jquery_ujs.js?body=1" for 127.0.0.1 at 2015-02-15 10:54:28 -0500
Served asset /jquery_ujs.js - 304 Not Modified (0ms)


Started POST "/relationships" for 127.0.0.1 at 2015-02-15 10:54:30 -0500
Processing by RelationshipsController#create as JS
  Parameters: {"utf8"=>"✓", "authenticity_token"=>"J89EP6MmG35BzgFi4kLqHw5pUTlf+fjZukaZDSiDULM=", "relationship"=>{"followed_id"=>"1"}, "commit"=>"Follow"}
  [1m[35mUser Load (0.1ms)[0m  SELECT "users".* FROM "users" WHERE "users"."remember_token" = 'yeGMPxw3lYh2coxrY2QSyw' LIMIT 1
  [1m[36mUser Load (0.1ms)[0m  [1mSELECT "users".* FROM "users" WHERE "users"."id" = ? LIMIT 1[0m  [["id", "1"]]
  [1m[35m (0.0ms)[0m  begin transaction
  [1m[36mSQL (0.9ms)[0m  [1mINSERT INTO "relationships" ("created_at", "followed_id", "follower_id", "updated_at") VALUES (?, ?, ?, ?)[0m  [["created_at", Sun, 15 Feb 2015 15:54:30 UTC +00:00], ["followed_id", 1], ["follower_id", 2], ["updated_at", Sun, 15 Feb 2015 15:54:30 UTC +00:00]]
  [1m[35m (0.9ms)[0m  commit transaction
  [1m[36mRelationship Load (0.1ms)[0m  [1mSELECT "relationships".* FROM "relationships" WHERE "relationships"."follower_id" = 2 AND "relationships"."followed_id" = 1 LIMIT 1[0m
  Rendered users/_unfollow.html.erb (2.4ms)
  [1m[35m (0.1ms)[0m  SELECT COUNT(*) FROM "users" INNER JOIN "relationships" ON "users"."id" = "relationships"."follower_id" WHERE "relationships"."followed_id" = 1
  Rendered relationships/create.js.erb (5.6ms)
Completed 200 OK in 13ms (Views: 7.1ms | ActiveRecord: 2.2ms)


Started GET "/" for 127.0.0.1 at 2015-02-15 10:54:34 -0500
Processing by StaticPagesController#home as HTML
  [1m[36mUser Load (0.2ms)[0m  [1mSELECT "users".* FROM "users" WHERE "users"."remember_token" = 'yeGMPxw3lYh2coxrY2QSyw' LIMIT 1[0m
  [1m[35m (0.1ms)[0m  SELECT COUNT(*) FROM "microposts" WHERE "microposts"."user_id" = 2
  Rendered shared/_user_info.html.erb (2.5ms)
  [1m[36m (0.1ms)[0m  [1mSELECT COUNT(*) FROM "users" INNER JOIN "relationships" ON "users"."id" = "relationships"."followed_id" WHERE "relationships"."follower_id" = 2[0m
  [1m[35m (0.1ms)[0m  SELECT COUNT(*) FROM "users" INNER JOIN "relationships" ON "users"."id" = "relationships"."follower_id" WHERE "relationships"."followed_id" = 2
  Rendered shared/_stats.html.erb (3.3ms)
  Rendered shared/_error_messages.html.erb (0.0ms)
  Rendered shared/_micropost_form.html.erb (1.3ms)
  [1m[36m (0.2ms)[0m  [1mSELECT COUNT(*) FROM "microposts" WHERE (user_id IN (SELECT followed_id FROM relationships
 WHERE follower_id = 2) OR user_id = 2)[0m
  Rendered shared/_feed.html.erb (1.0ms)
  Rendered static_pages/home.html.erb within layouts/application (10.1ms)
  Rendered layouts/_shim.html.erb (0.0ms)
  Rendered layouts/_header.html.erb (1.4ms)
  Rendered layouts/_footer.html.erb (0.3ms)
Completed 200 OK in 44ms (Views: 40.9ms | ActiveRecord: 0.7ms)


Started GET "/assets/jquery.js?body=1" for 127.0.0.1 at 2015-02-15 10:54:34 -0500
Served asset /jquery.js - 304 Not Modified (0ms)


Started GET "/assets/jquery_ujs.js?body=1" for 127.0.0.1 at 2015-02-15 10:54:34 -0500
Served asset /jquery_ujs.js - 304 Not Modified (0ms)


Started GET "/users/2/following" for 127.0.0.1 at 2015-02-15 10:54:36 -0500
Processing by UsersController#following as HTML
  Parameters: {"id"=>"2"}
  [1m[35mUser Load (0.1ms)[0m  SELECT "users".* FROM "users" WHERE "users"."remember_token" = 'yeGMPxw3lYh2coxrY2QSyw' LIMIT 1
  [1m[36mUser Load (0.1ms)[0m  [1mSELECT "users".* FROM "users" WHERE "users"."id" = ? LIMIT 1[0m  [["id", "2"]]
  [1m[35m (0.1ms)[0m  SELECT COUNT(*) FROM "microposts" WHERE "microposts"."user_id" = 2
  [1m[36m (0.1ms)[0m  [1mSELECT COUNT(*) FROM "users" INNER JOIN "relationships" ON "users"."id" = "relationships"."followed_id" WHERE "relationships"."follower_id" = 2[0m
  [1m[35m (0.1ms)[0m  SELECT COUNT(*) FROM "users" INNER JOIN "relationships" ON "users"."id" = "relationships"."follower_id" WHERE "relationships"."followed_id" = 2
  Rendered shared/_stats.html.erb (1.8ms)
  [1m[36mCACHE (0.0ms)[0m  [1mSELECT COUNT(*) FROM "users" INNER JOIN "relationships" ON "users"."id" = "relationships"."followed_id" WHERE "relationships"."follower_id" = 2[0m
  [1m[35mUser Load (0.1ms)[0m  SELECT "users".* FROM "users" INNER JOIN "relationships" ON "users"."id" = "relationships"."followed_id" WHERE "relationships"."follower_id" = 2 LIMIT 30 OFFSET 0
  Rendered users/_user.html.erb (0.3ms)
  Rendered users/show_follow.html.erb within layouts/application (7.7ms)
  Rendered layouts/_shim.html.erb (0.0ms)
  Rendered layouts/_header.html.erb (0.8ms)
  Rendered layouts/_footer.html.erb (0.2ms)
Completed 200 OK in 36ms (Views: 33.8ms | ActiveRecord: 0.6ms)


Started GET "/assets/jquery.js?body=1" for 127.0.0.1 at 2015-02-15 10:54:36 -0500
Served asset /jquery.js - 304 Not Modified (0ms)


Started GET "/assets/jquery_ujs.js?body=1" for 127.0.0.1 at 2015-02-15 10:54:36 -0500
Served asset /jquery_ujs.js - 304 Not Modified (0ms)


Started GET "/" for 127.0.0.1 at 2015-02-15 10:55:01 -0500
Processing by StaticPagesController#home as HTML
  [1m[36mUser Load (0.1ms)[0m  [1mSELECT "users".* FROM "users" WHERE "users"."remember_token" IS NULL LIMIT 1[0m
  [1m[35mCACHE (0.0ms)[0m  SELECT "users".* FROM "users" WHERE "users"."remember_token" IS NULL LIMIT 1
  Rendered static_pages/home.html.erb within layouts/application (0.7ms)
  Rendered layouts/_shim.html.erb (0.0ms)
  [1m[36mCACHE (0.0ms)[0m  [1mSELECT "users".* FROM "users" WHERE "users"."remember_token" IS NULL LIMIT 1[0m
  Rendered layouts/_header.html.erb (0.8ms)
  Rendered layouts/_footer.html.erb (0.2ms)
Completed 200 OK in 41ms (Views: 40.1ms | ActiveRecord: 0.1ms)


Started GET "/assets/custom.css?body=1" for 127.0.0.1 at 2015-02-15 10:55:01 -0500
Served asset /custom.css - 200 OK (0ms)


Started GET "/assets/application.css?body=1" for 127.0.0.1 at 2015-02-15 10:55:01 -0500
Served asset /application.css - 200 OK (0ms)


Started GET "/assets/microposts.css?body=1" for 127.0.0.1 at 2015-02-15 10:55:01 -0500
Served asset /microposts.css - 200 OK (0ms)


Started GET "/assets/scaffolds.css?body=1" for 127.0.0.1 at 2015-02-15 10:55:01 -0500
Served asset /scaffolds.css - 200 OK (0ms)


Started GET "/assets/static_pages.css?body=1" for 127.0.0.1 at 2015-02-15 10:55:01 -0500
Served asset /static_pages.css - 200 OK (0ms)


Started GET "/assets/sessions.css?body=1" for 127.0.0.1 at 2015-02-15 10:55:01 -0500
Served asset /sessions.css - 200 OK (0ms)


Started GET "/assets/users.css?body=1" for 127.0.0.1 at 2015-02-15 10:55:01 -0500
Served asset /users.css - 200 OK (0ms)


Started GET "/assets/jquery.js?body=1" for 127.0.0.1 at 2015-02-15 10:55:01 -0500
Served asset /jquery.js - 200 OK (0ms)


Started GET "/assets/jquery_ujs.js?body=1" for 127.0.0.1 at 2015-02-15 10:55:01 -0500
Served asset /jquery_ujs.js - 200 OK (0ms)


Started GET "/assets/sessions.js?body=1" for 127.0.0.1 at 2015-02-15 10:55:01 -0500
Served asset /sessions.js - 200 OK (0ms)


Started GET "/assets/microposts.js?body=1" for 127.0.0.1 at 2015-02-15 10:55:01 -0500
Served asset /microposts.js - 200 OK (0ms)


Started GET "/assets/static_pages.js?body=1" for 127.0.0.1 at 2015-02-15 10:55:01 -0500
Served asset /static_pages.js - 200 OK (0ms)


Started GET "/assets/users.js?body=1" for 127.0.0.1 at 2015-02-15 10:55:01 -0500
Served asset /users.js - 200 OK (0ms)


Started GET "/assets/application.js?body=1" for 127.0.0.1 at 2015-02-15 10:55:01 -0500
Served asset /application.js - 200 OK (0ms)


Started GET "/assets/rails.png" for 127.0.0.1 at 2015-02-15 10:55:01 -0500
Served asset /rails.png - 200 OK (0ms)


Started GET "/signin" for 127.0.0.1 at 2015-02-15 10:55:05 -0500
Processing by SessionsController#new as HTML
  Rendered sessions/new.html.erb within layouts/application (0.9ms)
  Rendered layouts/_shim.html.erb (0.0ms)
  [1m[35mUser Load (0.1ms)[0m  SELECT "users".* FROM "users" WHERE "users"."remember_token" IS NULL LIMIT 1
  Rendered layouts/_header.html.erb (1.1ms)
  Rendered layouts/_footer.html.erb (0.2ms)
Completed 200 OK in 25ms (Views: 24.3ms | ActiveRecord: 0.1ms)


Started POST "/sessions" for 127.0.0.1 at 2015-02-15 10:56:15 -0500
Processing by SessionsController#create as HTML
  Parameters: {"utf8"=>"✓", "authenticity_token"=>"PMwhR8EQulvhECS9C4mNseKPgofA5xY4xznZLT/IvGs=", "session"=>{"email"=>"nzarrari@yahoo.com", "password"=>"[FILTERED]"}, "commit"=>"Sign in"}
  [1m[36mUser Load (0.2ms)[0m  [1mSELECT "users".* FROM "users" WHERE "users"."email" = 'nzarrari@yahoo.com' LIMIT 1[0m
Redirected to http://localhost:3000/users/1
Completed 302 Found in 75ms (ActiveRecord: 0.2ms)


Started GET "/users/1" for 127.0.0.1 at 2015-02-15 10:56:15 -0500
Processing by UsersController#show as HTML
  Parameters: {"id"=>"1"}
  [1m[35mUser Load (0.1ms)[0m  SELECT "users".* FROM "users" WHERE "users"."id" = ? LIMIT 1  [["id", "1"]]
  [1m[36m (0.1ms)[0m  [1mSELECT COUNT(*) FROM "users" INNER JOIN "relationships" ON "users"."id" = "relationships"."followed_id" WHERE "relationships"."follower_id" = 1[0m
  [1m[35m (0.2ms)[0m  SELECT COUNT(*) FROM "users" INNER JOIN "relationships" ON "users"."id" = "relationships"."follower_id" WHERE "relationships"."followed_id" = 1
  Rendered shared/_stats.html.erb (3.3ms)
  [1m[36mUser Load (0.1ms)[0m  [1mSELECT "users".* FROM "users" WHERE "users"."remember_token" = 'QpBGHxuoiXNvQwshGbla_w' LIMIT 1[0m
  Rendered users/_follow_form.html.erb (0.1ms)
  [1m[35m (0.1ms)[0m  SELECT COUNT(*) FROM "microposts" WHERE "microposts"."user_id" = 1
  Rendered users/show.html.erb within layouts/application (6.3ms)
  Rendered layouts/_shim.html.erb (0.0ms)
  Rendered layouts/_header.html.erb (1.0ms)
  Rendered layouts/_footer.html.erb (0.2ms)
Completed 200 OK in 33ms (Views: 31.6ms | ActiveRecord: 0.6ms)


Started GET "/assets/jquery.js?body=1" for 127.0.0.1 at 2015-02-15 10:56:15 -0500
Served asset /jquery.js - 304 Not Modified (0ms)


Started GET "/assets/jquery_ujs.js?body=1" for 127.0.0.1 at 2015-02-15 10:56:15 -0500
Served asset /jquery_ujs.js - 304 Not Modified (0ms)


Started GET "/users/1/following" for 127.0.0.1 at 2015-02-15 10:56:25 -0500
Processing by UsersController#following as HTML
  Parameters: {"id"=>"1"}
  [1m[36mUser Load (0.1ms)[0m  [1mSELECT "users".* FROM "users" WHERE "users"."remember_token" = 'QpBGHxuoiXNvQwshGbla_w' LIMIT 1[0m
  [1m[35mUser Load (0.1ms)[0m  SELECT "users".* FROM "users" WHERE "users"."id" = ? LIMIT 1  [["id", "1"]]
  [1m[36m (0.1ms)[0m  [1mSELECT COUNT(*) FROM "microposts" WHERE "microposts"."user_id" = 1[0m
  [1m[35m (0.1ms)[0m  SELECT COUNT(*) FROM "users" INNER JOIN "relationships" ON "users"."id" = "relationships"."followed_id" WHERE "relationships"."follower_id" = 1
  [1m[36m (0.1ms)[0m  [1mSELECT COUNT(*) FROM "users" INNER JOIN "relationships" ON "users"."id" = "relationships"."follower_id" WHERE "relationships"."followed_id" = 1[0m
  Rendered shared/_stats.html.erb (1.6ms)
  [1m[35mCACHE (0.0ms)[0m  SELECT COUNT(*) FROM "users" INNER JOIN "relationships" ON "users"."id" = "relationships"."followed_id" WHERE "relationships"."follower_id" = 1
  [1m[36mCACHE (0.0ms)[0m  [1mSELECT COUNT(*) FROM "users" INNER JOIN "relationships" ON "users"."id" = "relationships"."followed_id" WHERE "relationships"."follower_id" = 1[0m
  Rendered users/show_follow.html.erb within layouts/application (4.3ms)
  Rendered layouts/_shim.html.erb (0.0ms)
  Rendered layouts/_header.html.erb (1.1ms)
  Rendered layouts/_footer.html.erb (0.2ms)
Completed 200 OK in 47ms (Views: 44.7ms | ActiveRecord: 0.4ms)


Started GET "/assets/jquery.js?body=1" for 127.0.0.1 at 2015-02-15 10:56:25 -0500
Served asset /jquery.js - 304 Not Modified (0ms)


Started GET "/assets/jquery_ujs.js?body=1" for 127.0.0.1 at 2015-02-15 10:56:25 -0500
Served asset /jquery_ujs.js - 304 Not Modified (0ms)


Started GET "/users/1" for 127.0.0.1 at 2015-02-15 10:56:34 -0500
Processing by UsersController#show as HTML
  Parameters: {"id"=>"1"}
  [1m[35mUser Load (0.1ms)[0m  SELECT "users".* FROM "users" WHERE "users"."id" = ? LIMIT 1  [["id", "1"]]
  [1m[36m (0.1ms)[0m  [1mSELECT COUNT(*) FROM "users" INNER JOIN "relationships" ON "users"."id" = "relationships"."followed_id" WHERE "relationships"."follower_id" = 1[0m
  [1m[35m (0.1ms)[0m  SELECT COUNT(*) FROM "users" INNER JOIN "relationships" ON "users"."id" = "relationships"."follower_id" WHERE "relationships"."followed_id" = 1
  Rendered shared/_stats.html.erb (2.5ms)
  [1m[36mUser Load (0.1ms)[0m  [1mSELECT "users".* FROM "users" WHERE "users"."remember_token" = 'QpBGHxuoiXNvQwshGbla_w' LIMIT 1[0m
  Rendered users/_follow_form.html.erb (0.0ms)
  [1m[35m (0.1ms)[0m  SELECT COUNT(*) FROM "microposts" WHERE "microposts"."user_id" = 1
  Rendered users/show.html.erb within layouts/application (4.9ms)
  Rendered layouts/_shim.html.erb (0.0ms)
  Rendered layouts/_header.html.erb (24.6ms)
  Rendered layouts/_footer.html.erb (0.2ms)
Completed 200 OK in 56ms (Views: 54.6ms | ActiveRecord: 0.4ms)


Started GET "/assets/jquery.js?body=1" for 127.0.0.1 at 2015-02-15 10:56:34 -0500
Served asset /jquery.js - 304 Not Modified (0ms)


Started GET "/assets/jquery_ujs.js?body=1" for 127.0.0.1 at 2015-02-15 10:56:34 -0500
Served asset /jquery_ujs.js - 304 Not Modified (0ms)


Started GET "/users/1/edit" for 127.0.0.1 at 2015-02-15 10:56:36 -0500
Processing by UsersController#edit as HTML
  Parameters: {"id"=>"1"}
  [1m[36mUser Load (0.1ms)[0m  [1mSELECT "users".* FROM "users" WHERE "users"."remember_token" = 'QpBGHxuoiXNvQwshGbla_w' LIMIT 1[0m
  [1m[35mUser Load (0.1ms)[0m  SELECT "users".* FROM "users" WHERE "users"."id" = ? LIMIT 1  [["id", "1"]]
  [1m[36mCACHE (0.0ms)[0m  [1mSELECT "users".* FROM "users" WHERE "users"."id" = ? LIMIT 1[0m  [["id", "1"]]
  Rendered shared/_error_messages.html.erb (0.0ms)
  Rendered users/edit.html.erb within layouts/application (2.8ms)
  Rendered layouts/_shim.html.erb (0.0ms)
  Rendered layouts/_header.html.erb (0.8ms)
  Rendered layouts/_footer.html.erb (0.2ms)
Completed 200 OK in 29ms (Views: 26.8ms | ActiveRecord: 0.2ms)


Started GET "/assets/jquery.js?body=1" for 127.0.0.1 at 2015-02-15 10:56:36 -0500
Served asset /jquery.js - 304 Not Modified (0ms)


Started GET "/assets/jquery_ujs.js?body=1" for 127.0.0.1 at 2015-02-15 10:56:36 -0500
Served asset /jquery_ujs.js - 304 Not Modified (0ms)


Started GET "/" for 127.0.0.1 at 2015-02-15 10:56:42 -0500
Processing by StaticPagesController#home as HTML
  [1m[35mUser Load (0.1ms)[0m  SELECT "users".* FROM "users" WHERE "users"."remember_token" = 'QpBGHxuoiXNvQwshGbla_w' LIMIT 1
  [1m[36m (0.1ms)[0m  [1mSELECT COUNT(*) FROM "microposts" WHERE "microposts"."user_id" = 1[0m
  Rendered shared/_user_info.html.erb (1.9ms)
  [1m[35m (0.1ms)[0m  SELECT COUNT(*) FROM "users" INNER JOIN "relationships" ON "users"."id" = "relationships"."followed_id" WHERE "relationships"."follower_id" = 1
  [1m[36m (0.1ms)[0m  [1mSELECT COUNT(*) FROM "users" INNER JOIN "relationships" ON "users"."id" = "relationships"."follower_id" WHERE "relationships"."followed_id" = 1[0m
  Rendered shared/_stats.html.erb (1.6ms)
  Rendered shared/_error_messages.html.erb (0.0ms)
  Rendered shared/_micropost_form.html.erb (0.9ms)
  [1m[35m (0.3ms)[0m  SELECT COUNT(*) FROM "microposts" WHERE (user_id IN (SELECT followed_id FROM relationships
 WHERE follower_id = 1) OR user_id = 1)
  Rendered shared/_feed.html.erb (1.0ms)
  Rendered static_pages/home.html.erb within layouts/application (6.9ms)
  Rendered layouts/_shim.html.erb (0.0ms)
  Rendered layouts/_header.html.erb (0.9ms)
  Rendered layouts/_footer.html.erb (0.2ms)
Completed 200 OK in 33ms (Views: 30.1ms | ActiveRecord: 0.7ms)


Started GET "/assets/jquery.js?body=1" for 127.0.0.1 at 2015-02-15 10:56:42 -0500
Served asset /jquery.js - 304 Not Modified (0ms)


Started GET "/assets/jquery_ujs.js?body=1" for 127.0.0.1 at 2015-02-15 10:56:42 -0500
Served asset /jquery_ujs.js - 304 Not Modified (0ms)


Started POST "/microposts" for 127.0.0.1 at 2015-02-15 10:56:55 -0500
Processing by MicropostsController#create as HTML
  Parameters: {"utf8"=>"✓", "authenticity_token"=>"PMwhR8EQulvhECS9C4mNseKPgofA5xY4xznZLT/IvGs=", "micropost"=>{"content"=>"This my first post:))"}, "commit"=>"Post"}
  [1m[36mUser Load (0.1ms)[0m  [1mSELECT "users".* FROM "users" WHERE "users"."remember_token" = 'QpBGHxuoiXNvQwshGbla_w' LIMIT 1[0m
  [1m[35m (0.0ms)[0m  begin transaction
  [1m[36mSQL (0.4ms)[0m  [1mINSERT INTO "microposts" ("content", "created_at", "updated_at", "user_id") VALUES (?, ?, ?, ?)[0m  [["content", "This my first post:))"], ["created_at", Sun, 15 Feb 2015 15:56:55 UTC +00:00], ["updated_at", Sun, 15 Feb 2015 15:56:55 UTC +00:00], ["user_id", 1]]
  [1m[35m (0.8ms)[0m  commit transaction
Redirected to http://localhost:3000/
Completed 302 Found in 5ms (ActiveRecord: 1.4ms)


Started GET "/" for 127.0.0.1 at 2015-02-15 10:56:55 -0500
Processing by StaticPagesController#home as HTML
  [1m[36mUser Load (0.2ms)[0m  [1mSELECT "users".* FROM "users" WHERE "users"."remember_token" = 'QpBGHxuoiXNvQwshGbla_w' LIMIT 1[0m
  [1m[35m (0.1ms)[0m  SELECT COUNT(*) FROM "microposts" WHERE "microposts"."user_id" = 1
  Rendered shared/_user_info.html.erb (1.3ms)
  [1m[36m (0.1ms)[0m  [1mSELECT COUNT(*) FROM "users" INNER JOIN "relationships" ON "users"."id" = "relationships"."followed_id" WHERE "relationships"."follower_id" = 1[0m
  [1m[35m (0.1ms)[0m  SELECT COUNT(*) FROM "users" INNER JOIN "relationships" ON "users"."id" = "relationships"."follower_id" WHERE "relationships"."followed_id" = 1
  Rendered shared/_stats.html.erb (1.7ms)
  Rendered shared/_error_messages.html.erb (0.0ms)
  Rendered shared/_micropost_form.html.erb (1.1ms)
  [1m[36m (0.3ms)[0m  [1mSELECT COUNT(*) FROM "microposts" WHERE (user_id IN (SELECT followed_id FROM relationships
 WHERE follower_id = 1) OR user_id = 1)[0m
  [1m[35mMicropost Load (0.3ms)[0m  SELECT "microposts".* FROM "microposts" WHERE (user_id IN (SELECT followed_id FROM relationships
 WHERE follower_id = 1) OR user_id = 1) ORDER BY microposts.created_at DESC LIMIT 30 OFFSET 0
  [1m[36mUser Load (0.1ms)[0m  [1mSELECT "users".* FROM "users" WHERE "users"."id" = 1 LIMIT 1[0m
  Rendered shared/_feed_item.html.erb (7.8ms)
  Rendered shared/_feed.html.erb (12.0ms)
  Rendered static_pages/home.html.erb within layouts/application (17.6ms)
  Rendered layouts/_shim.html.erb (0.0ms)
  Rendered layouts/_header.html.erb (1.1ms)
  Rendered layouts/_footer.html.erb (0.2ms)
Completed 200 OK in 73ms (Views: 69.4ms | ActiveRecord: 1.1ms)


Started GET "/assets/jquery.js?body=1" for 127.0.0.1 at 2015-02-15 10:56:55 -0500
Served asset /jquery.js - 304 Not Modified (0ms)


Started GET "/assets/jquery_ujs.js?body=1" for 127.0.0.1 at 2015-02-15 10:56:55 -0500
Served asset /jquery_ujs.js - 304 Not Modified (0ms)


Started GET "/users/2/following" for 127.0.0.1 at 2015-02-15 10:57:12 -0500
Processing by UsersController#following as HTML
  Parameters: {"id"=>"2"}
  [1m[35mUser Load (0.1ms)[0m  SELECT "users".* FROM "users" WHERE "users"."remember_token" = 'yeGMPxw3lYh2coxrY2QSyw' LIMIT 1
  [1m[36mUser Load (0.1ms)[0m  [1mSELECT "users".* FROM "users" WHERE "users"."id" = ? LIMIT 1[0m  [["id", "2"]]
  [1m[35m (0.1ms)[0m  SELECT COUNT(*) FROM "microposts" WHERE "microposts"."user_id" = 2
  [1m[36m (0.1ms)[0m  [1mSELECT COUNT(*) FROM "users" INNER JOIN "relationships" ON "users"."id" = "relationships"."followed_id" WHERE "relationships"."follower_id" = 2[0m
  [1m[35m (0.1ms)[0m  SELECT COUNT(*) FROM "users" INNER JOIN "relationships" ON "users"."id" = "relationships"."follower_id" WHERE "relationships"."followed_id" = 2
  Rendered shared/_stats.html.erb (2.1ms)
  [1m[36mCACHE (0.0ms)[0m  [1mSELECT COUNT(*) FROM "users" INNER JOIN "relationships" ON "users"."id" = "relationships"."followed_id" WHERE "relationships"."follower_id" = 2[0m
  [1m[35mUser Load (0.1ms)[0m  SELECT "users".* FROM "users" INNER JOIN "relationships" ON "users"."id" = "relationships"."followed_id" WHERE "relationships"."follower_id" = 2 LIMIT 30 OFFSET 0
  Rendered users/_user.html.erb (0.3ms)
  Rendered users/show_follow.html.erb within layouts/application (33.3ms)
  Rendered layouts/_shim.html.erb (0.0ms)
  Rendered layouts/_header.html.erb (0.8ms)
  Rendered layouts/_footer.html.erb (0.2ms)
Completed 200 OK in 60ms (Views: 56.9ms | ActiveRecord: 0.6ms)


Started GET "/assets/scaffolds.css?body=1" for 127.0.0.1 at 2015-02-15 10:57:12 -0500
Served asset /scaffolds.css - 304 Not Modified (0ms)


Started GET "/assets/application.css?body=1" for 127.0.0.1 at 2015-02-15 10:57:12 -0500
Served asset /application.css - 304 Not Modified (0ms)


Started GET "/assets/custom.css?body=1" for 127.0.0.1 at 2015-02-15 10:57:12 -0500
Served asset /custom.css - 304 Not Modified (0ms)


Started GET "/assets/microposts.css?body=1" for 127.0.0.1 at 2015-02-15 10:57:12 -0500
Served asset /microposts.css - 304 Not Modified (0ms)


Started GET "/assets/static_pages.css?body=1" for 127.0.0.1 at 2015-02-15 10:57:12 -0500
Served asset /static_pages.css - 304 Not Modified (0ms)


Started GET "/assets/sessions.css?body=1" for 127.0.0.1 at 2015-02-15 10:57:12 -0500
Served asset /sessions.css - 304 Not Modified (0ms)


Started GET "/assets/users.css?body=1" for 127.0.0.1 at 2015-02-15 10:57:12 -0500
Served asset /users.css - 304 Not Modified (0ms)


Started GET "/assets/jquery.js?body=1" for 127.0.0.1 at 2015-02-15 10:57:12 -0500
Served asset /jquery.js - 304 Not Modified (0ms)


Started GET "/assets/jquery_ujs.js?body=1" for 127.0.0.1 at 2015-02-15 10:57:12 -0500
Served asset /jquery_ujs.js - 304 Not Modified (0ms)


Started GET "/assets/microposts.js?body=1" for 127.0.0.1 at 2015-02-15 10:57:12 -0500
Served asset /microposts.js - 304 Not Modified (0ms)


Started GET "/assets/sessions.js?body=1" for 127.0.0.1 at 2015-02-15 10:57:12 -0500
Served asset /sessions.js - 304 Not Modified (0ms)


Started GET "/assets/static_pages.js?body=1" for 127.0.0.1 at 2015-02-15 10:57:12 -0500
Served asset /static_pages.js - 304 Not Modified (0ms)


Started GET "/assets/application.js?body=1" for 127.0.0.1 at 2015-02-15 10:57:12 -0500
Served asset /application.js - 304 Not Modified (0ms)


Started GET "/assets/users.js?body=1" for 127.0.0.1 at 2015-02-15 10:57:12 -0500
Served asset /users.js - 304 Not Modified (0ms)


Started GET "/users/1" for 127.0.0.1 at 2015-02-15 10:57:18 -0500
Processing by UsersController#show as HTML
  Parameters: {"id"=>"1"}
  [1m[36mUser Load (0.1ms)[0m  [1mSELECT "users".* FROM "users" WHERE "users"."id" = ? LIMIT 1[0m  [["id", "1"]]
  [1m[35m (0.1ms)[0m  SELECT COUNT(*) FROM "users" INNER JOIN "relationships" ON "users"."id" = "relationships"."followed_id" WHERE "relationships"."follower_id" = 1
  [1m[36m (0.7ms)[0m  [1mSELECT COUNT(*) FROM "users" INNER JOIN "relationships" ON "users"."id" = "relationships"."follower_id" WHERE "relationships"."followed_id" = 1[0m
  Rendered shared/_stats.html.erb (2.8ms)
  [1m[35mUser Load (0.1ms)[0m  SELECT "users".* FROM "users" WHERE "users"."remember_token" = 'yeGMPxw3lYh2coxrY2QSyw' LIMIT 1
  [1m[36mRelationship Load (0.1ms)[0m  [1mSELECT "relationships".* FROM "relationships" WHERE "relationships"."follower_id" = 2 AND "relationships"."followed_id" = 1 LIMIT 1[0m
  [1m[35mCACHE (0.0ms)[0m  SELECT "relationships".* FROM "relationships" WHERE "relationships"."follower_id" = 2 AND "relationships"."followed_id" = 1 LIMIT 1
  Rendered users/_unfollow.html.erb (1.5ms)
  Rendered users/_follow_form.html.erb (3.0ms)
  [1m[36m (0.1ms)[0m  [1mSELECT COUNT(*) FROM "microposts" WHERE "microposts"."user_id" = 1[0m
  [1m[35mCACHE (0.0ms)[0m  SELECT COUNT(*) FROM "microposts" WHERE "microposts"."user_id" = 1
  [1m[36mMicropost Load (0.1ms)[0m  [1mSELECT "microposts".* FROM "microposts" WHERE "microposts"."user_id" = 1 ORDER BY microposts.created_at DESC LIMIT 30 OFFSET 0[0m
  [1m[35mUser Load (0.2ms)[0m  SELECT "users".* FROM "users" WHERE "users"."id" = 1 LIMIT 1
  Rendered microposts/_micropost.html.erb (2.0ms)
  Rendered users/show.html.erb within layouts/application (12.7ms)
  Rendered layouts/_shim.html.erb (0.0ms)
  Rendered layouts/_header.html.erb (1.0ms)
  Rendered layouts/_footer.html.erb (0.2ms)
Completed 200 OK in 39ms (Views: 36.7ms | ActiveRecord: 1.4ms)


Started GET "/assets/application.css?body=1" for 127.0.0.1 at 2015-02-15 10:57:18 -0500
Served asset /application.css - 304 Not Modified (0ms)


Started GET "/assets/custom.css?body=1" for 127.0.0.1 at 2015-02-15 10:57:18 -0500
Served asset /custom.css - 304 Not Modified (0ms)


Started GET "/assets/scaffolds.css?body=1" for 127.0.0.1 at 2015-02-15 10:57:18 -0500
Served asset /scaffolds.css - 304 Not Modified (0ms)


Started GET "/assets/sessions.css?body=1" for 127.0.0.1 at 2015-02-15 10:57:18 -0500
Served asset /sessions.css - 304 Not Modified (0ms)


Started GET "/assets/microposts.css?body=1" for 127.0.0.1 at 2015-02-15 10:57:18 -0500
Served asset /microposts.css - 304 Not Modified (0ms)


Started GET "/assets/static_pages.css?body=1" for 127.0.0.1 at 2015-02-15 10:57:18 -0500
Served asset /static_pages.css - 304 Not Modified (0ms)


Started GET "/assets/users.css?body=1" for 127.0.0.1 at 2015-02-15 10:57:18 -0500
Served asset /users.css - 304 Not Modified (0ms)


Started GET "/assets/jquery.js?body=1" for 127.0.0.1 at 2015-02-15 10:57:18 -0500
Served asset /jquery.js - 304 Not Modified (0ms)


Started GET "/assets/jquery_ujs.js?body=1" for 127.0.0.1 at 2015-02-15 10:57:18 -0500
Served asset /jquery_ujs.js - 304 Not Modified (0ms)


Started GET "/assets/microposts.js?body=1" for 127.0.0.1 at 2015-02-15 10:57:18 -0500
Served asset /microposts.js - 304 Not Modified (0ms)


Started GET "/assets/sessions.js?body=1" for 127.0.0.1 at 2015-02-15 10:57:18 -0500
Served asset /sessions.js - 304 Not Modified (0ms)


Started GET "/assets/static_pages.js?body=1" for 127.0.0.1 at 2015-02-15 10:57:18 -0500
Served asset /static_pages.js - 304 Not Modified (0ms)


Started GET "/assets/users.js?body=1" for 127.0.0.1 at 2015-02-15 10:57:18 -0500
Served asset /users.js - 304 Not Modified (0ms)


Started GET "/assets/application.js?body=1" for 127.0.0.1 at 2015-02-15 10:57:18 -0500
Served asset /application.js - 304 Not Modified (0ms)


Started DELETE "/relationships/1" for 127.0.0.1 at 2015-02-15 10:57:33 -0500
Processing by RelationshipsController#destroy as JS
  Parameters: {"utf8"=>"✓", "authenticity_token"=>"J89EP6MmG35BzgFi4kLqHw5pUTlf+fjZukaZDSiDULM=", "commit"=>"Unfollow", "id"=>"1"}
  [1m[36mUser Load (0.1ms)[0m  [1mSELECT "users".* FROM "users" WHERE "users"."remember_token" = 'yeGMPxw3lYh2coxrY2QSyw' LIMIT 1[0m
  [1m[35mRelationship Load (0.1ms)[0m  SELECT "relationships".* FROM "relationships" WHERE "relationships"."id" = ? LIMIT 1  [["id", "1"]]
  [1m[36mUser Load (0.1ms)[0m  [1mSELECT "users".* FROM "users" WHERE "users"."id" = 1 LIMIT 1[0m
  [1m[35mRelationship Load (0.1ms)[0m  SELECT "relationships".* FROM "relationships" WHERE "relationships"."follower_id" = 2 AND "relationships"."followed_id" = 1 LIMIT 1
  [1m[36m (0.0ms)[0m  [1mbegin transaction[0m
  [1m[35mSQL (0.2ms)[0m  DELETE FROM "relationships" WHERE "relationships"."id" = ?  [["id", 1]]
  [1m[36m (1.6ms)[0m  [1mcommit transaction[0m
  Rendered users/_follow.html.erb (1.3ms)
  [1m[35m (0.1ms)[0m  SELECT COUNT(*) FROM "users" INNER JOIN "relationships" ON "users"."id" = "relationships"."follower_id" WHERE "relationships"."followed_id" = 1
  Rendered relationships/destroy.js.erb (3.1ms)
Completed 200 OK in 11ms (Views: 4.6ms | ActiveRecord: 2.3ms)


Started GET "/" for 127.0.0.1 at 2015-02-15 10:57:37 -0500
Processing by StaticPagesController#home as HTML
  [1m[36mUser Load (0.2ms)[0m  [1mSELECT "users".* FROM "users" WHERE "users"."remember_token" = 'yeGMPxw3lYh2coxrY2QSyw' LIMIT 1[0m
  [1m[35m (0.2ms)[0m  SELECT COUNT(*) FROM "microposts" WHERE "microposts"."user_id" = 2
  Rendered shared/_user_info.html.erb (3.1ms)
  [1m[36m (0.1ms)[0m  [1mSELECT COUNT(*) FROM "users" INNER JOIN "relationships" ON "users"."id" = "relationships"."followed_id" WHERE "relationships"."follower_id" = 2[0m
  [1m[35m (0.1ms)[0m  SELECT COUNT(*) FROM "users" INNER JOIN "relationships" ON "users"."id" = "relationships"."follower_id" WHERE "relationships"."followed_id" = 2
  Rendered shared/_stats.html.erb (2.2ms)
  Rendered shared/_error_messages.html.erb (0.0ms)
  Rendered shared/_micropost_form.html.erb (1.4ms)
  [1m[36m (0.2ms)[0m  [1mSELECT COUNT(*) FROM "microposts" WHERE (user_id IN (SELECT followed_id FROM relationships
 WHERE follower_id = 2) OR user_id = 2)[0m
  Rendered shared/_feed.html.erb (0.9ms)
  Rendered static_pages/home.html.erb within layouts/application (9.5ms)
  Rendered layouts/_shim.html.erb (0.0ms)
  Rendered layouts/_header.html.erb (1.1ms)
  Rendered layouts/_footer.html.erb (0.2ms)
Completed 200 OK in 42ms (Views: 39.4ms | ActiveRecord: 0.7ms)


Started GET "/assets/application.css?body=1" for 127.0.0.1 at 2015-02-15 10:57:37 -0500
Served asset /application.css - 304 Not Modified (0ms)


Started GET "/assets/static_pages.css?body=1" for 127.0.0.1 at 2015-02-15 10:57:37 -0500
Served asset /static_pages.css - 304 Not Modified (0ms)


Started GET "/assets/sessions.css?body=1" for 127.0.0.1 at 2015-02-15 10:57:37 -0500
Served asset /sessions.css - 304 Not Modified (0ms)


Started GET "/assets/microposts.css?body=1" for 127.0.0.1 at 2015-02-15 10:57:37 -0500
Served asset /microposts.css - 304 Not Modified (0ms)


Started GET "/assets/custom.css?body=1" for 127.0.0.1 at 2015-02-15 10:57:37 -0500
Served asset /custom.css - 304 Not Modified (0ms)


Started GET "/assets/scaffolds.css?body=1" for 127.0.0.1 at 2015-02-15 10:57:37 -0500
Served asset /scaffolds.css - 304 Not Modified (0ms)


Started GET "/assets/users.css?body=1" for 127.0.0.1 at 2015-02-15 10:57:37 -0500
Served asset /users.css - 304 Not Modified (0ms)


Started GET "/assets/jquery.js?body=1" for 127.0.0.1 at 2015-02-15 10:57:37 -0500
Served asset /jquery.js - 304 Not Modified (0ms)


Started GET "/assets/jquery_ujs.js?body=1" for 127.0.0.1 at 2015-02-15 10:57:37 -0500
Served asset /jquery_ujs.js - 304 Not Modified (0ms)


Started GET "/assets/microposts.js?body=1" for 127.0.0.1 at 2015-02-15 10:57:37 -0500
Served asset /microposts.js - 304 Not Modified (0ms)


Started GET "/assets/sessions.js?body=1" for 127.0.0.1 at 2015-02-15 10:57:37 -0500
Served asset /sessions.js - 304 Not Modified (0ms)


Started GET "/assets/static_pages.js?body=1" for 127.0.0.1 at 2015-02-15 10:57:37 -0500
Served asset /static_pages.js - 304 Not Modified (0ms)


Started GET "/assets/users.js?body=1" for 127.0.0.1 at 2015-02-15 10:57:37 -0500
Served asset /users.js - 304 Not Modified (0ms)


Started GET "/assets/application.js?body=1" for 127.0.0.1 at 2015-02-15 10:57:37 -0500
Served asset /application.js - 304 Not Modified (0ms)


Started GET "/users/2/followers" for 127.0.0.1 at 2015-02-15 10:57:39 -0500
Processing by UsersController#followers as HTML
  Parameters: {"id"=>"2"}
  [1m[35mUser Load (0.1ms)[0m  SELECT "users".* FROM "users" WHERE "users"."remember_token" = 'yeGMPxw3lYh2coxrY2QSyw' LIMIT 1
  [1m[36mUser Load (0.1ms)[0m  [1mSELECT "users".* FROM "users" WHERE "users"."id" = ? LIMIT 1[0m  [["id", "2"]]
  [1m[35m (0.1ms)[0m  SELECT COUNT(*) FROM "microposts" WHERE "microposts"."user_id" = 2
  [1m[36m (0.1ms)[0m  [1mSELECT COUNT(*) FROM "users" INNER JOIN "relationships" ON "users"."id" = "relationships"."followed_id" WHERE "relationships"."follower_id" = 2[0m
  [1m[35m (0.1ms)[0m  SELECT COUNT(*) FROM "users" INNER JOIN "relationships" ON "users"."id" = "relationships"."follower_id" WHERE "relationships"."followed_id" = 2
  Rendered shared/_stats.html.erb (2.2ms)
  [1m[36mCACHE (0.0ms)[0m  [1mSELECT COUNT(*) FROM "users" INNER JOIN "relationships" ON "users"."id" = "relationships"."follower_id" WHERE "relationships"."followed_id" = 2[0m
  [1m[35mCACHE (0.0ms)[0m  SELECT COUNT(*) FROM "users" INNER JOIN "relationships" ON "users"."id" = "relationships"."follower_id" WHERE "relationships"."followed_id" = 2
  Rendered users/show_follow.html.erb within layouts/application (5.4ms)
  Rendered layouts/_shim.html.erb (0.0ms)
  Rendered layouts/_header.html.erb (0.9ms)
  Rendered layouts/_footer.html.erb (0.3ms)
Completed 200 OK in 36ms (Views: 32.8ms | ActiveRecord: 0.5ms)


Started GET "/assets/application.css?body=1" for 127.0.0.1 at 2015-02-15 10:57:39 -0500
Served asset /application.css - 304 Not Modified (0ms)


Started GET "/assets/sessions.css?body=1" for 127.0.0.1 at 2015-02-15 10:57:39 -0500
Served asset /sessions.css - 304 Not Modified (0ms)


Started GET "/assets/microposts.css?body=1" for 127.0.0.1 at 2015-02-15 10:57:39 -0500
Served asset /microposts.css - 304 Not Modified (0ms)


Started GET "/assets/static_pages.css?body=1" for 127.0.0.1 at 2015-02-15 10:57:39 -0500
Served asset /static_pages.css - 304 Not Modified (0ms)


Started GET "/assets/custom.css?body=1" for 127.0.0.1 at 2015-02-15 10:57:39 -0500
Served asset /custom.css - 304 Not Modified (0ms)


Started GET "/assets/scaffolds.css?body=1" for 127.0.0.1 at 2015-02-15 10:57:39 -0500
Served asset /scaffolds.css - 304 Not Modified (0ms)


Started GET "/assets/users.css?body=1" for 127.0.0.1 at 2015-02-15 10:57:39 -0500
Served asset /users.css - 304 Not Modified (0ms)


Started GET "/assets/jquery.js?body=1" for 127.0.0.1 at 2015-02-15 10:57:39 -0500
Served asset /jquery.js - 304 Not Modified (0ms)


Started GET "/assets/jquery_ujs.js?body=1" for 127.0.0.1 at 2015-02-15 10:57:39 -0500
Served asset /jquery_ujs.js - 304 Not Modified (0ms)


Started GET "/assets/microposts.js?body=1" for 127.0.0.1 at 2015-02-15 10:57:39 -0500
Served asset /microposts.js - 304 Not Modified (0ms)


Started GET "/assets/sessions.js?body=1" for 127.0.0.1 at 2015-02-15 10:57:39 -0500
Served asset /sessions.js - 304 Not Modified (0ms)


Started GET "/assets/users.js?body=1" for 127.0.0.1 at 2015-02-15 10:57:39 -0500
Served asset /users.js - 304 Not Modified (0ms)


Started GET "/assets/static_pages.js?body=1" for 127.0.0.1 at 2015-02-15 10:57:39 -0500
Served asset /static_pages.js - 304 Not Modified (0ms)


Started GET "/assets/application.js?body=1" for 127.0.0.1 at 2015-02-15 10:57:39 -0500
Served asset /application.js - 304 Not Modified (0ms)


Started GET "/users/2/following" for 127.0.0.1 at 2015-02-15 10:57:40 -0500
Processing by UsersController#following as HTML
  Parameters: {"id"=>"2"}
  [1m[36mUser Load (0.1ms)[0m  [1mSELECT "users".* FROM "users" WHERE "users"."remember_token" = 'yeGMPxw3lYh2coxrY2QSyw' LIMIT 1[0m
  [1m[35mUser Load (0.1ms)[0m  SELECT "users".* FROM "users" WHERE "users"."id" = ? LIMIT 1  [["id", "2"]]
  [1m[36m (0.1ms)[0m  [1mSELECT COUNT(*) FROM "microposts" WHERE "microposts"."user_id" = 2[0m
  [1m[35m (0.1ms)[0m  SELECT COUNT(*) FROM "users" INNER JOIN "relationships" ON "users"."id" = "relationships"."followed_id" WHERE "relationships"."follower_id" = 2
  [1m[36m (0.1ms)[0m  [1mSELECT COUNT(*) FROM "users" INNER JOIN "relationships" ON "users"."id" = "relationships"."follower_id" WHERE "relationships"."followed_id" = 2[0m
  Rendered shared/_stats.html.erb (1.8ms)
  [1m[35mCACHE (0.0ms)[0m  SELECT COUNT(*) FROM "users" INNER JOIN "relationships" ON "users"."id" = "relationships"."followed_id" WHERE "relationships"."follower_id" = 2
  [1m[36mCACHE (0.0ms)[0m  [1mSELECT COUNT(*) FROM "users" INNER JOIN "relationships" ON "users"."id" = "relationships"."followed_id" WHERE "relationships"."follower_id" = 2[0m
  Rendered users/show_follow.html.erb within layouts/application (5.9ms)
  Rendered layouts/_shim.html.erb (0.0ms)
  Rendered layouts/_header.html.erb (0.9ms)
  Rendered layouts/_footer.html.erb (0.2ms)
Completed 200 OK in 47ms (Views: 44.2ms | ActiveRecord: 0.5ms)


Started GET "/assets/application.css?body=1" for 127.0.0.1 at 2015-02-15 10:57:40 -0500
Served asset /application.css - 304 Not Modified (0ms)


Started GET "/assets/custom.css?body=1" for 127.0.0.1 at 2015-02-15 10:57:40 -0500
Served asset /custom.css - 304 Not Modified (0ms)


Started GET "/assets/static_pages.css?body=1" for 127.0.0.1 at 2015-02-15 10:57:40 -0500
Served asset /static_pages.css - 304 Not Modified (0ms)


Started GET "/assets/sessions.css?body=1" for 127.0.0.1 at 2015-02-15 10:57:40 -0500
Served asset /sessions.css - 304 Not Modified (0ms)


Started GET "/assets/scaffolds.css?body=1" for 127.0.0.1 at 2015-02-15 10:57:40 -0500
Served asset /scaffolds.css - 304 Not Modified (0ms)


Started GET "/assets/microposts.css?body=1" for 127.0.0.1 at 2015-02-15 10:57:40 -0500
Served asset /microposts.css - 304 Not Modified (0ms)


Started GET "/assets/users.css?body=1" for 127.0.0.1 at 2015-02-15 10:57:40 -0500
Served asset /users.css - 304 Not Modified (0ms)


Started GET "/assets/jquery.js?body=1" for 127.0.0.1 at 2015-02-15 10:57:40 -0500
Served asset /jquery.js - 304 Not Modified (0ms)


Started GET "/assets/microposts.js?body=1" for 127.0.0.1 at 2015-02-15 10:57:40 -0500
Served asset /microposts.js - 304 Not Modified (0ms)


Started GET "/assets/jquery_ujs.js?body=1" for 127.0.0.1 at 2015-02-15 10:57:40 -0500
Served asset /jquery_ujs.js - 304 Not Modified (0ms)


Started GET "/assets/sessions.js?body=1" for 127.0.0.1 at 2015-02-15 10:57:40 -0500
Served asset /sessions.js - 304 Not Modified (0ms)


Started GET "/assets/static_pages.js?body=1" for 127.0.0.1 at 2015-02-15 10:57:40 -0500
Served asset /static_pages.js - 304 Not Modified (0ms)


Started GET "/assets/application.js?body=1" for 127.0.0.1 at 2015-02-15 10:57:40 -0500
Served asset /application.js - 304 Not Modified (0ms)


Started GET "/assets/users.js?body=1" for 127.0.0.1 at 2015-02-15 10:57:40 -0500
Served asset /users.js - 304 Not Modified (0ms)


Started GET "/users" for 127.0.0.1 at 2015-02-15 10:57:43 -0500
Processing by UsersController#index as HTML
  [1m[35mUser Load (0.2ms)[0m  SELECT "users".* FROM "users" WHERE "users"."remember_token" = 'yeGMPxw3lYh2coxrY2QSyw' LIMIT 1
  [1m[36m (0.1ms)[0m  [1mSELECT COUNT(*) FROM "users" [0m
  [1m[35mUser Load (0.1ms)[0m  SELECT "users".* FROM "users" LIMIT 30 OFFSET 0
  Rendered users/_user.html.erb (1.2ms)
  Rendered users/index.html.erb within layouts/application (3.6ms)
  Rendered layouts/_shim.html.erb (0.0ms)
  Rendered layouts/_header.html.erb (0.9ms)
  Rendered layouts/_footer.html.erb (0.2ms)
Completed 200 OK in 56ms (Views: 54.2ms | ActiveRecord: 0.4ms)


Started GET "/assets/application.css?body=1" for 127.0.0.1 at 2015-02-15 10:57:43 -0500
Served asset /application.css - 304 Not Modified (0ms)


Started GET "/assets/microposts.css?body=1" for 127.0.0.1 at 2015-02-15 10:57:43 -0500
Served asset /microposts.css - 304 Not Modified (0ms)


Started GET "/assets/sessions.css?body=1" for 127.0.0.1 at 2015-02-15 10:57:43 -0500
Served asset /sessions.css - 304 Not Modified (0ms)


Started GET "/assets/custom.css?body=1" for 127.0.0.1 at 2015-02-15 10:57:43 -0500
Served asset /custom.css - 304 Not Modified (0ms)


Started GET "/assets/scaffolds.css?body=1" for 127.0.0.1 at 2015-02-15 10:57:43 -0500
Served asset /scaffolds.css - 304 Not Modified (0ms)


Started GET "/assets/static_pages.css?body=1" for 127.0.0.1 at 2015-02-15 10:57:43 -0500
Served asset /static_pages.css - 304 Not Modified (0ms)


Started GET "/assets/users.css?body=1" for 127.0.0.1 at 2015-02-15 10:57:43 -0500
Served asset /users.css - 304 Not Modified (0ms)


Started GET "/assets/jquery.js?body=1" for 127.0.0.1 at 2015-02-15 10:57:43 -0500
Served asset /jquery.js - 304 Not Modified (0ms)


Started GET "/assets/jquery_ujs.js?body=1" for 127.0.0.1 at 2015-02-15 10:57:43 -0500
Served asset /jquery_ujs.js - 304 Not Modified (0ms)


Started GET "/assets/microposts.js?body=1" for 127.0.0.1 at 2015-02-15 10:57:43 -0500
Served asset /microposts.js - 304 Not Modified (0ms)


Started GET "/assets/sessions.js?body=1" for 127.0.0.1 at 2015-02-15 10:57:43 -0500
Served asset /sessions.js - 304 Not Modified (0ms)


Started GET "/assets/static_pages.js?body=1" for 127.0.0.1 at 2015-02-15 10:57:43 -0500
Served asset /static_pages.js - 304 Not Modified (0ms)


Started GET "/assets/users.js?body=1" for 127.0.0.1 at 2015-02-15 10:57:43 -0500
Served asset /users.js - 304 Not Modified (0ms)


Started GET "/assets/application.js?body=1" for 127.0.0.1 at 2015-02-15 10:57:43 -0500
Served asset /application.js - 304 Not Modified (0ms)


Started GET "/users/1" for 127.0.0.1 at 2015-02-15 10:57:44 -0500
Processing by UsersController#show as HTML
  Parameters: {"id"=>"1"}
  [1m[36mUser Load (0.1ms)[0m  [1mSELECT "users".* FROM "users" WHERE "users"."id" = ? LIMIT 1[0m  [["id", "1"]]
  [1m[35m (0.1ms)[0m  SELECT COUNT(*) FROM "users" INNER JOIN "relationships" ON "users"."id" = "relationships"."followed_id" WHERE "relationships"."follower_id" = 1
  [1m[36m (0.1ms)[0m  [1mSELECT COUNT(*) FROM "users" INNER JOIN "relationships" ON "users"."id" = "relationships"."follower_id" WHERE "relationships"."followed_id" = 1[0m
  Rendered shared/_stats.html.erb (2.2ms)
  [1m[35mUser Load (0.1ms)[0m  SELECT "users".* FROM "users" WHERE "users"."remember_token" = 'yeGMPxw3lYh2coxrY2QSyw' LIMIT 1
  [1m[36mRelationship Load (0.1ms)[0m  [1mSELECT "relationships".* FROM "relationships" WHERE "relationships"."follower_id" = 2 AND "relationships"."followed_id" = 1 LIMIT 1[0m
  Rendered users/_follow.html.erb (1.5ms)
  Rendered users/_follow_form.html.erb (2.6ms)
  [1m[35m (0.1ms)[0m  SELECT COUNT(*) FROM "microposts" WHERE "microposts"."user_id" = 1
  [1m[36mCACHE (0.0ms)[0m  [1mSELECT COUNT(*) FROM "microposts" WHERE "microposts"."user_id" = 1[0m
  [1m[35mMicropost Load (0.1ms)[0m  SELECT "microposts".* FROM "microposts" WHERE "microposts"."user_id" = 1 ORDER BY microposts.created_at DESC LIMIT 30 OFFSET 0
  [1m[36mUser Load (0.1ms)[0m  [1mSELECT "users".* FROM "users" WHERE "users"."id" = 1 LIMIT 1[0m
  Rendered microposts/_micropost.html.erb (0.8ms)
  Rendered users/show.html.erb within layouts/application (9.0ms)
  Rendered layouts/_shim.html.erb (0.0ms)
  Rendered layouts/_header.html.erb (0.9ms)
  Rendered layouts/_footer.html.erb (0.2ms)
Completed 200 OK in 36ms (Views: 34.0ms | ActiveRecord: 0.7ms)


Started GET "/assets/scaffolds.css?body=1" for 127.0.0.1 at 2015-02-15 10:57:44 -0500
Served asset /scaffolds.css - 304 Not Modified (0ms)


Started GET "/assets/sessions.css?body=1" for 127.0.0.1 at 2015-02-15 10:57:44 -0500
Served asset /sessions.css - 304 Not Modified (0ms)


Started GET "/assets/custom.css?body=1" for 127.0.0.1 at 2015-02-15 10:57:44 -0500
Served asset /custom.css - 304 Not Modified (0ms)


Started GET "/assets/microposts.css?body=1" for 127.0.0.1 at 2015-02-15 10:57:44 -0500
Served asset /microposts.css - 304 Not Modified (0ms)


Started GET "/assets/static_pages.css?body=1" for 127.0.0.1 at 2015-02-15 10:57:44 -0500
Served asset /static_pages.css - 304 Not Modified (0ms)


Started GET "/assets/application.css?body=1" for 127.0.0.1 at 2015-02-15 10:57:44 -0500
Served asset /application.css - 304 Not Modified (0ms)


Started GET "/assets/users.css?body=1" for 127.0.0.1 at 2015-02-15 10:57:44 -0500
Served asset /users.css - 304 Not Modified (0ms)


Started GET "/assets/jquery.js?body=1" for 127.0.0.1 at 2015-02-15 10:57:44 -0500
Served asset /jquery.js - 304 Not Modified (0ms)


Started GET "/assets/jquery_ujs.js?body=1" for 127.0.0.1 at 2015-02-15 10:57:44 -0500
Served asset /jquery_ujs.js - 304 Not Modified (0ms)


Started GET "/assets/microposts.js?body=1" for 127.0.0.1 at 2015-02-15 10:57:44 -0500
Served asset /microposts.js - 304 Not Modified (0ms)


Started GET "/assets/sessions.js?body=1" for 127.0.0.1 at 2015-02-15 10:57:44 -0500
Served asset /sessions.js - 304 Not Modified (0ms)


Started GET "/assets/static_pages.js?body=1" for 127.0.0.1 at 2015-02-15 10:57:44 -0500
Served asset /static_pages.js - 304 Not Modified (0ms)


Started GET "/assets/users.js?body=1" for 127.0.0.1 at 2015-02-15 10:57:44 -0500
Served asset /users.js - 304 Not Modified (0ms)


Started GET "/assets/application.js?body=1" for 127.0.0.1 at 2015-02-15 10:57:44 -0500
Served asset /application.js - 304 Not Modified (0ms)
Connecting to database specified by database.yml
